#
# A fatal error has been detected by the Java Runtime Environment:
#
#  SIGSEGV (0xb) at pc=0x00000001095e7971, pid=71371, tid=20755
#
# JRE version: Java(TM) SE Runtime Environment (8.0_25-b17) (build 1.8.0_25-b17)
# Java VM: Java HotSpot(TM) 64-Bit Server VM (25.25-b02 mixed mode bsd-amd64 compressed oops)
# Problematic frame:
# V  [libjvm.dylib+0x29d971]
#
# Failed to write core dump. Core dumps have been disabled. To enable core dumping, try "ulimit -c unlimited" before starting Java again
#
# If you would like to submit a bug report, please visit:
#   http://bugreport.sun.com/bugreport/crash.jsp
#

---------------  T H R E A D  ---------------

Current thread (0x00007ff743c73800):  JavaThread "Daemon worker Thread 4" [_thread_in_vm, id=20755, stack(0x0000700001353000,0x0000700001453000)]

siginfo: si_signo: 11 (SIGSEGV), si_code: 0 (unknown), si_addr: 0x0000000000000000

Registers:
RAX=0x000000000000000a, RBX=0x0000000000000001, RCX=0x0000000000000014, RDX=0x0000000000000000
RSP=0x000070000144d9d0, RBP=0x000070000144d9d0, RSI=0x00007ff744879d40, RDI=0x000000011f1117c8
R8 =0xff383226ff383226, R9 =0x0000000000000000, R10=0x00000007405644e0, R11=0x00000000f80003df
R12=0x000000011f1117c8, R13=0x00007ff744879d40, R14=0x00007ff7448af290, R15=0x00007ff744879d40
RIP=0x00000001095e7971, EFLAGS=0x0000000000010206, ERR=0x0000000000000000
  TRAPNO=0x000000000000000d

Top of Stack: (sp=0x000070000144d9d0)
0x000070000144d9d0:   000070000144da00 00000001095e7a5f
0x000070000144d9e0:   00007ff7448af290 000000011f1117c8
0x000070000144d9f0:   00007ff744879d40 00000007c010f300
0x000070000144da00:   000070000144da30 00000001095e7c3a
0x000070000144da10:   00007ff7448af290 000070000144dd20
0x000070000144da20:   00007ff744879d40 00000007c010f300
0x000070000144da30:   000070000144da90 00000001096ebacc
0x000070000144da40:   0000000100000000 0000000000000018
0x000070000144da50:   000000000000001a 000000000000001c
0x000070000144da60:   000000000000001e 000070000144dd20
0x000070000144da70:   000000011f10e8d0 00007ff744879d40
0x000070000144da80:   00000007c010f300 00007ff743c73800
0x000070000144da90:   000070000144dc60 00000001096ec52e
0x000070000144daa0:   00007ff743c73800 0000000000000070
0x000070000144dab0:   0000000000000078 0000000100000080
0x000070000144dac0:   00000007c010f108 00007ff744879d40
0x000070000144dad0:   00007ff7448af290 00000000000000a0
0x000070000144dae0:   00000000000000a8 0000000000000001
0x000070000144daf0:   0000000000000003 0000000000000005
0x000070000144db00:   0000000000000007 000000000000000d
0x000070000144db10:   000000000000000f 0000000000000011
0x000070000144db20:   0000000000000013 0000000000000015
0x000070000144db30:   0000000000000017 0000000000000019
0x000070000144db40:   000000000000001b 000000000000001d
0x000070000144db50:   000000000000001f 0000000000000031
0x000070000144db60:   0000000000000039 0000000000000041
0x000070000144db70:   0000000000000049 0000000000000051
0x000070000144db80:   0000000023e75c00 0000000000000061
0x000070000144db90:   00000000256eb600 0000000000000071
0x000070000144dba0:   0000000000000079 0000000000000081
0x000070000144dbb0:   0000000000000089 0000000000000091
0x000070000144dbc0:   00000007c010f300 00000000000000a1 

Instructions: (pc=0x00000001095e7971)
0x00000001095e7951:   e5 8b 0f ff c9 31 d2 eb 33 ff c0 89 c2 eb 2d 8d
0x00000001095e7961:   04 11 d1 f8 4c 63 c0 4e 8b 44 c7 08 4d 8b 40 08
0x00000001095e7971:   45 0f b7 48 20 4d 8b 40 08 4f 8b 44 c8 50 49 39
0x00000001095e7981:   f0 72 d6 49 39 f0 74 0d ff c8 89 c1 39 ca 7e cf 

Register to memory mapping:

RAX=0x000000000000000a is an unknown value
RBX=0x0000000000000001 is an unknown value
RCX=0x0000000000000014 is an unknown value
RDX=0x0000000000000000 is an unknown value
RSP=0x000070000144d9d0 is pointing into the stack for thread: 0x00007ff743c73800
RBP=0x000070000144d9d0 is pointing into the stack for thread: 0x00007ff743c73800
RSI=0x00007ff744879d40 is an unknown value
RDI=0x000000011f1117c8 is pointing into metadata
R8 =0xff383226ff383226 is an unknown value
R9 =0x0000000000000000 is an unknown value
R10=0x00000007405644e0 is an oop
java.lang.String 
 - klass: 'java/lang/String'
R11=0x00000000f80003df is an unknown value
R12=0x000000011f1117c8 is pointing into metadata
R13=0x00007ff744879d40 is an unknown value
R14=0x00007ff7448af290 is an unknown value
R15=0x00007ff744879d40 is an unknown value


Stack: [0x0000700001353000,0x0000700001453000],  sp=0x000070000144d9d0,  free space=1002k
Native frames: (J=compiled Java code, j=interpreted, Vv=VM code, C=native code)
V  [libjvm.dylib+0x29d971]
V  [libjvm.dylib+0x29da5f]
V  [libjvm.dylib+0x29dc3a]
V  [libjvm.dylib+0x3a1acc]
V  [libjvm.dylib+0x3a252e]
V  [libjvm.dylib+0x3a381d]
V  [libjvm.dylib+0xd8144]
V  [libjvm.dylib+0x4b4aba]
V  [libjvm.dylib+0x4b5524]
V  [libjvm.dylib+0x4b5db6]
V  [libjvm.dylib+0x4b62ed]
V  [libjvm.dylib+0x4b64ed]
v  ~RuntimeStub::resolve_opt_virtual_call
J 3643 C1 sun.security.jca.ProviderList.getService(Ljava/lang/String;Ljava/lang/String;)Ljava/security/Provider$Service; (43 bytes) @ 0x000000010b086174 [0x000000010b0860e0+0x94]
J 3642 C1 sun.security.jca.GetInstance.getInstance(Ljava/lang/String;Ljava/lang/Class;Ljava/lang/String;)Lsun/security/jca/GetInstance$Instance; (130 bytes) @ 0x000000010b37fc24 [0x000000010b37fb20+0x104]
J 8355 C1 java.security.MessageDigest.getInstance(Ljava/lang/String;)Ljava/security/MessageDigest; (94 bytes) @ 0x000000010b39bd14 [0x000000010b39bc20+0xf4]
J 4395 C1 org.gradle.api.internal.artifacts.ivyservice.ivyresolve.DependencyResolverIdentifier.forExternalResourceResolver(Lorg/gradle/api/internal/artifacts/repositories/resolver/ExternalResourceResolver;)Ljava/lang/String; (71 bytes) @ 0x000000010b91fa44 [0x000000010b91f200+0x844]
J 4394 C1 org.gradle.api.internal.artifacts.repositories.resolver.ExternalResourceResolver.getId()Ljava/lang/String; (5 bytes) @ 0x000000010b91ed64 [0x000000010b91ed00+0x64]
J 2716 C1 org.gradle.api.internal.artifacts.ivyservice.ivyresolve.BaseModuleComponentRepository.getId()Ljava/lang/String; (10 bytes) @ 0x000000010b5441b4 [0x000000010b544140+0x74]
j  org.gradle.api.internal.artifacts.ivyservice.ivyresolve.CachingModuleComponentRepository.artifactCacheKey(Lorg/gradle/internal/component/model/ComponentArtifactMetaData;)Lorg/gradle/internal/resource/cached/ivy/ArtifactAtRepositoryKey;+13
j  org.gradle.api.internal.artifacts.ivyservice.ivyresolve.CachingModuleComponentRepository.access$1200(Lorg/gradle/api/internal/artifacts/ivyservice/ivyresolve/CachingModuleComponentRepository;Lorg/gradle/internal/component/model/ComponentArtifactMetaData;)Lorg/gradle/internal/resource/cached/ivy/ArtifactAtRepositoryKey;+2
j  org.gradle.api.internal.artifacts.ivyservice.ivyresolve.CachingModuleComponentRepository$LocateInCacheRepositoryAccess.resolveArtifactFromCache(Lorg/gradle/internal/component/model/ComponentArtifactMetaData;Lorg/gradle/api/internal/artifacts/ivyservice/ivyresolve/CachingModuleComponentRepository$CachingModuleSource;Lorg/gradle/internal/resolve/result/BuildableArtifactResolveResult;)V+12
j  org.gradle.api.internal.artifacts.ivyservice.ivyresolve.CachingModuleComponentRepository$LocateInCacheRepositoryAccess.resolveArtifact(Lorg/gradle/internal/component/model/ComponentArtifactMetaData;Lorg/gradle/internal/component/model/ModuleSource;Lorg/gradle/internal/resolve/result/BuildableArtifactResolveResult;)V+45
J 5932 C1 org.gradle.api.internal.artifacts.ivyservice.ivyresolve.memcache.InMemoryCachedModuleComponentRepository$CachedAccess.resolveArtifact(Lorg/gradle/internal/component/model/ComponentArtifactMetaData;Lorg/gradle/internal/component/model/ModuleSource;Lorg/gradle/internal/resolve/result/BuildableArtifactResolveResult;)V (39 bytes) @ 0x000000010bc21374 [0x000000010bc21280+0xf4]
J 5931 C1 org.gradle.api.internal.artifacts.ivyservice.ivyresolve.ErrorHandlingModuleComponentRepository$ErrorHandlingModuleComponentRepositoryAccess.resolveArtifact(Lorg/gradle/internal/component/model/ComponentArtifactMetaData;Lorg/gradle/internal/component/model/ModuleSource;Lorg/gradle/internal/resolve/result/BuildableArtifactResolveResult;)V (39 bytes) @ 0x000000010bc20ca4 [0x000000010bc20c20+0x84]
J 5929 C1 org.gradle.api.internal.artifacts.ivyservice.ivyresolve.RepositoryChainArtifactResolver.resolveArtifact(Lorg/gradle/internal/component/model/ComponentArtifactMetaData;Lorg/gradle/internal/component/model/ModuleSource;Lorg/gradle/internal/resolve/result/BuildableArtifactResolveResult;)V (56 bytes) @ 0x000000010bc200b4 [0x000000010bc1ff20+0x194]
J 8559 C1 org.gradle.api.internal.artifacts.ivyservice.resolveengine.ComponentResolversChain$ArtifactResolverChain.resolveArtifact(Lorg/gradle/internal/component/model/ComponentArtifactMetaData;Lorg/gradle/internal/component/model/ModuleSource;Lorg/gradle/internal/resolve/result/BuildableArtifactResolveResult;)V (57 bytes) @ 0x000000010c0ffebc [0x000000010c0ffd80+0x13c]
J 8557 C1 org.gradle.api.internal.artifacts.ivyservice.ContextualArtifactResolver$3.execute(Ljava/lang/Object;)V (9 bytes) @ 0x000000010c10103c [0x000000010c100f80+0xbc]
J 5224 C1 org.gradle.internal.Transformers$4.transform(Ljava/lang/Object;)Ljava/lang/Object; (12 bytes) @ 0x000000010b341e34 [0x000000010b341dc0+0x74]
J 5226 C1 org.gradle.api.internal.artifacts.ivyservice.DefaultIvyContextManager.withIvy(Lorg/gradle/api/Transformer;)Ljava/lang/Object; (155 bytes) @ 0x000000010b530fac [0x000000010b52fd60+0x124c]
J 5911 C1 org.gradle.api.internal.artifacts.ivyservice.ContextualArtifactResolver$4.run()V (17 bytes) @ 0x000000010bc17a8c [0x000000010bc17980+0x10c]
J 10421 C1 org.gradle.internal.Factories$1.create()Ljava/lang/Object; (11 bytes) @ 0x000000010c501f0c [0x000000010c501e00+0x10c]
J 5197 C1 org.gradle.cache.internal.DefaultCacheAccess.useCache(Ljava/lang/String;Lorg/gradle/internal/Factory;)Ljava/lang/Object; (215 bytes) @ 0x000000010b02ab3c [0x000000010b02aa00+0x13c]
J 4508 C1 org.gradle.cache.internal.DefaultCacheAccess.useCache(Ljava/lang/String;Ljava/lang/Runnable;)V (11 bytes) @ 0x000000010b41b18c [0x000000010b41b0c0+0xcc]
J 4507 C1 org.gradle.cache.internal.DefaultPersistentDirectoryStore.useCache(Ljava/lang/String;Ljava/lang/Runnable;)V (12 bytes) @ 0x000000010b41b574 [0x000000010b41b500+0x74]
J 4506 C1 org.gradle.cache.internal.DefaultCacheFactory$ReferenceTrackingCache.useCache(Ljava/lang/String;Ljava/lang/Runnable;)V (15 bytes) @ 0x000000010b41b8fc [0x000000010b41b880+0x7c]
J 4505 C1 org.gradle.api.internal.artifacts.ivyservice.DefaultCacheLockingManager.useCache(Ljava/lang/String;Ljava/lang/Runnable;)V (12 bytes) @ 0x000000010b41bcb4 [0x000000010b41bc40+0x74]
J 7888 C1 org.gradle.api.internal.artifacts.ivyservice.ContextualArtifactResolver.resolveArtifact(Lorg/gradle/internal/component/model/ComponentArtifactMetaData;Lorg/gradle/internal/component/model/ModuleSource;Lorg/gradle/internal/resolve/result/BuildableArtifactResolveResult;)V (25 bytes) @ 0x000000010bf9a86c [0x000000010bf9a660+0x20c]
J 5924 C1 org.gradle.api.internal.artifacts.ivyservice.ivyresolve.ErrorHandlingArtifactResolver.resolveArtifact(Lorg/gradle/internal/component/model/ComponentArtifactMetaData;Lorg/gradle/internal/component/model/ModuleSource;Lorg/gradle/internal/resolve/result/BuildableArtifactResolveResult;)V (39 bytes) @ 0x000000010bc1e4a4 [0x000000010bc1e420+0x84]
J 7886 C1 org.gradle.api.internal.artifacts.ivyservice.resolveengine.artifact.DefaultArtifactSet$LazyArtifactSource.create()Ljava/lang/Object; (5 bytes) @ 0x000000010bf99934 [0x000000010bf997e0+0x154]
j  org.gradle.api.internal.artifacts.DefaultResolvedArtifact.getFile()Ljava/io/File;+12
j  org.gradle.api.internal.artifacts.ivyservice.DefaultLenientConfiguration$2.run()V+30
J 10421 C1 org.gradle.internal.Factories$1.create()Ljava/lang/Object; (11 bytes) @ 0x000000010c501f0c [0x000000010c501e00+0x10c]
J 5197 C1 org.gradle.cache.internal.DefaultCacheAccess.useCache(Ljava/lang/String;Lorg/gradle/internal/Factory;)Ljava/lang/Object; (215 bytes) @ 0x000000010b02ab3c [0x000000010b02aa00+0x13c]
J 4508 C1 org.gradle.cache.internal.DefaultCacheAccess.useCache(Ljava/lang/String;Ljava/lang/Runnable;)V (11 bytes) @ 0x000000010b41b18c [0x000000010b41b0c0+0xcc]
J 4507 C1 org.gradle.cache.internal.DefaultPersistentDirectoryStore.useCache(Ljava/lang/String;Ljava/lang/Runnable;)V (12 bytes) @ 0x000000010b41b574 [0x000000010b41b500+0x74]
J 4506 C1 org.gradle.cache.internal.DefaultCacheFactory$ReferenceTrackingCache.useCache(Ljava/lang/String;Ljava/lang/Runnable;)V (15 bytes) @ 0x000000010b41b8fc [0x000000010b41b880+0x7c]
J 4505 C1 org.gradle.api.internal.artifacts.ivyservice.DefaultCacheLockingManager.useCache(Ljava/lang/String;Ljava/lang/Runnable;)V (12 bytes) @ 0x000000010b41bcb4 [0x000000010b41bc40+0x74]
j  org.gradle.api.internal.artifacts.ivyservice.DefaultLenientConfiguration.getFiles(Ljava/util/Set;)Ljava/util/Set;+44
j  org.gradle.api.internal.artifacts.ivyservice.DefaultLenientConfiguration.getFilesStrict(Lorg/gradle/api/specs/Spec;)Ljava/util/Set;+8
j  org.gradle.api.internal.artifacts.ivyservice.DefaultResolvedConfiguration.getFiles(Lorg/gradle/api/specs/Spec;)Ljava/util/Set;+9
j  org.gradle.api.internal.artifacts.ivyservice.SelfResolvingDependencyConfigurationResolver$FilesAggregatingResolvedConfiguration.getFiles(Lorg/gradle/api/specs/Spec;)Ljava/util/Set;+29
j  org.gradle.api.internal.artifacts.ivyservice.ErrorHandlingConfigurationResolver$ErrorHandlingResolvedConfiguration.getFiles(Lorg/gradle/api/specs/Spec;)Ljava/util/Set;+5
j  org.gradle.api.internal.artifacts.configurations.DefaultConfiguration$ConfigurationFileCollection.getFiles()Ljava/util/Set;+42
j  org.gradle.api.internal.artifacts.configurations.DefaultConfiguration.getFiles()Ljava/util/Set;+7
j  org.gradle.api.internal.artifacts.configurations.DefaultConfiguration_Decorated.getFiles()Ljava/util/Set;+7
j  org.gradle.api.internal.initialization.DefaultScriptHandler.getScriptClassPath()Lorg/gradle/internal/classpath/ClassPath;+27
j  org.gradle.plugin.use.internal.DefaultPluginRequestApplicator.defineScriptHandlerClassScope(Lorg/gradle/api/internal/initialization/ScriptHandlerInternal;Lorg/gradle/api/internal/initialization/ClassLoaderScope;Ljava/lang/Iterable;)V+1
j  org.gradle.plugin.use.internal.DefaultPluginRequestApplicator.applyPlugins(Lorg/gradle/plugin/use/internal/PluginRequests;Lorg/gradle/api/internal/initialization/ScriptHandlerInternal;Lorg/gradle/api/internal/plugins/PluginManagerInternal;Lorg/gradle/api/internal/initialization/ClassLoaderScope;)V+16
j  org.gradle.configuration.DefaultScriptPluginFactory$ScriptPluginImpl.apply(Ljava/lang/Object;)V+337
j  org.gradle.configuration.project.BuildScriptProcessor.execute(Lorg/gradle/api/internal/project/ProjectInternal;)V+80
j  org.gradle.configuration.project.BuildScriptProcessor.execute(Ljava/lang/Object;)V+5
j  org.gradle.configuration.project.ConfigureActionsProjectEvaluator.evaluate(Lorg/gradle/api/internal/project/ProjectInternal;Lorg/gradle/api/internal/project/ProjectStateInternal;)V+33
j  org.gradle.configuration.project.LifecycleProjectEvaluator.evaluate(Lorg/gradle/api/internal/project/ProjectInternal;Lorg/gradle/api/internal/project/ProjectStateInternal;)V+54
j  org.gradle.api.internal.project.AbstractProject.evaluate()Lorg/gradle/api/internal/project/AbstractProject;+9
j  org.gradle.api.internal.project.AbstractProject.evaluate()Lorg/gradle/api/Project;+1
j  org.gradle.execution.TaskPathProjectEvaluator.configure(Lorg/gradle/api/internal/project/ProjectInternal;)V+21
j  org.gradle.configuration.DefaultBuildConfigurer.configure(Lorg/gradle/api/internal/GradleInternal;)V+32
j  org.gradle.initialization.DefaultGradleLauncher$2.run()V+14
J 10421 C1 org.gradle.internal.Factories$1.create()Ljava/lang/Object; (11 bytes) @ 0x000000010c501f0c [0x000000010c501e00+0x10c]
j  org.gradle.internal.progress.DefaultBuildOperationExecutor.run(Lorg/gradle/internal/progress/BuildOperationDetails;Lorg/gradle/internal/Factory;)Ljava/lang/Object;+171
j  org.gradle.internal.progress.DefaultBuildOperationExecutor.run(Ljava/lang/String;Ljava/lang/Runnable;)V+12
j  org.gradle.initialization.DefaultGradleLauncher.doBuildStages(Lorg/gradle/initialization/DefaultGradleLauncher$Stage;)V+39
j  org.gradle.initialization.DefaultGradleLauncher.access$200(Lorg/gradle/initialization/DefaultGradleLauncher;Lorg/gradle/initialization/DefaultGradleLauncher$Stage;)V+2
j  org.gradle.initialization.DefaultGradleLauncher$1.create()Lorg/gradle/BuildResult;+29
j  org.gradle.initialization.DefaultGradleLauncher$1.create()Ljava/lang/Object;+1
j  org.gradle.internal.progress.DefaultBuildOperationExecutor.run(Lorg/gradle/internal/progress/BuildOperationDetails;Lorg/gradle/internal/Factory;)Ljava/lang/Object;+171
j  org.gradle.internal.progress.DefaultBuildOperationExecutor.run(Ljava/lang/String;Lorg/gradle/internal/Factory;)Ljava/lang/Object;+9
j  org.gradle.initialization.DefaultGradleLauncher.doBuild(Lorg/gradle/initialization/DefaultGradleLauncher$Stage;)Lorg/gradle/BuildResult;+25
j  org.gradle.initialization.DefaultGradleLauncher.run()Lorg/gradle/BuildResult;+4
j  org.gradle.launcher.exec.InProcessBuildActionExecuter$DefaultBuildController.run()Lorg/gradle/api/internal/GradleInternal;+4
j  org.gradle.tooling.internal.provider.runner.BuildModelActionRunner.run(Lorg/gradle/internal/invocation/BuildAction;Lorg/gradle/internal/invocation/BuildController;)V+29
j  org.gradle.launcher.exec.ChainingBuildActionRunner.run(Lorg/gradle/internal/invocation/BuildAction;Lorg/gradle/internal/invocation/BuildController;)V+34
j  org.gradle.tooling.internal.provider.runner.SubscribableBuildActionRunner.run(Lorg/gradle/internal/invocation/BuildAction;Lorg/gradle/internal/invocation/BuildController;)V+37
j  org.gradle.launcher.exec.ChainingBuildActionRunner.run(Lorg/gradle/internal/invocation/BuildAction;Lorg/gradle/internal/invocation/BuildController;)V+34
j  org.gradle.launcher.exec.InProcessBuildActionExecuter.execute(Lorg/gradle/internal/invocation/BuildAction;Lorg/gradle/initialization/BuildRequestContext;Lorg/gradle/launcher/exec/BuildActionParameters;Lorg/gradle/internal/service/ServiceRegistry;)Ljava/lang/Object;+63
j  org.gradle.launcher.exec.InProcessBuildActionExecuter.execute(Lorg/gradle/internal/invocation/BuildAction;Lorg/gradle/initialization/BuildRequestContext;Ljava/lang/Object;Lorg/gradle/internal/service/ServiceRegistry;)Ljava/lang/Object;+9
j  org.gradle.launcher.exec.ContinuousBuildActionExecuter.execute(Lorg/gradle/internal/invocation/BuildAction;Lorg/gradle/initialization/BuildRequestContext;Lorg/gradle/launcher/exec/BuildActionParameters;Lorg/gradle/internal/service/ServiceRegistry;)Ljava/lang/Object;+70
j  org.gradle.launcher.exec.ContinuousBuildActionExecuter.execute(Lorg/gradle/internal/invocation/BuildAction;Lorg/gradle/initialization/BuildRequestContext;Ljava/lang/Object;Lorg/gradle/internal/service/ServiceRegistry;)Ljava/lang/Object;+9
j  org.gradle.launcher.daemon.server.exec.ExecuteBuild.doBuild(Lorg/gradle/launcher/daemon/server/api/DaemonCommandExecution;Lorg/gradle/launcher/daemon/protocol/Build;)V+74
j  org.gradle.launcher.daemon.server.exec.BuildCommandOnly.execute(Lorg/gradle/launcher/daemon/server/api/DaemonCommandExecution;)V+49
j  org.gradle.launcher.daemon.server.api.DaemonCommandExecution.proceed()Z+28
j  org.gradle.launcher.daemon.server.exec.WatchForDisconnection.execute(Lorg/gradle/launcher/daemon/server/api/DaemonCommandExecution;)V+19
j  org.gradle.launcher.daemon.server.api.DaemonCommandExecution.proceed()Z+28
j  org.gradle.launcher.daemon.server.exec.ResetDeprecationLogger.execute(Lorg/gradle/launcher/daemon/server/api/DaemonCommandExecution;)V+4
j  org.gradle.launcher.daemon.server.api.DaemonCommandExecution.proceed()Z+28
j  org.gradle.launcher.daemon.server.exec.RequestStopIfSingleUsedDaemon.execute(Lorg/gradle/launcher/daemon/server/api/DaemonCommandExecution;)V+31
j  org.gradle.launcher.daemon.server.api.DaemonCommandExecution.proceed()Z+28
j  org.gradle.launcher.daemon.server.exec.ForwardClientInput$2.call()Ljava/lang/Void;+4
j  org.gradle.launcher.daemon.server.exec.ForwardClientInput$2.call()Ljava/lang/Object;+1
...<more frames>...

Java frames: (J=compiled Java code, j=interpreted, Vv=VM code)
v  ~RuntimeStub::resolve_opt_virtual_call
J 3643 C1 sun.security.jca.ProviderList.getService(Ljava/lang/String;Ljava/lang/String;)Ljava/security/Provider$Service; (43 bytes) @ 0x000000010b086174 [0x000000010b0860e0+0x94]
J 3642 C1 sun.security.jca.GetInstance.getInstance(Ljava/lang/String;Ljava/lang/Class;Ljava/lang/String;)Lsun/security/jca/GetInstance$Instance; (130 bytes) @ 0x000000010b37fc24 [0x000000010b37fb20+0x104]
J 8355 C1 java.security.MessageDigest.getInstance(Ljava/lang/String;)Ljava/security/MessageDigest; (94 bytes) @ 0x000000010b39bd14 [0x000000010b39bc20+0xf4]
J 4395 C1 org.gradle.api.internal.artifacts.ivyservice.ivyresolve.DependencyResolverIdentifier.forExternalResourceResolver(Lorg/gradle/api/internal/artifacts/repositories/resolver/ExternalResourceResolver;)Ljava/lang/String; (71 bytes) @ 0x000000010b91fa44 [0x000000010b91f200+0x844]
J 4394 C1 org.gradle.api.internal.artifacts.repositories.resolver.ExternalResourceResolver.getId()Ljava/lang/String; (5 bytes) @ 0x000000010b91ed64 [0x000000010b91ed00+0x64]
J 2716 C1 org.gradle.api.internal.artifacts.ivyservice.ivyresolve.BaseModuleComponentRepository.getId()Ljava/lang/String; (10 bytes) @ 0x000000010b5441b4 [0x000000010b544140+0x74]
j  org.gradle.api.internal.artifacts.ivyservice.ivyresolve.CachingModuleComponentRepository.artifactCacheKey(Lorg/gradle/internal/component/model/ComponentArtifactMetaData;)Lorg/gradle/internal/resource/cached/ivy/ArtifactAtRepositoryKey;+13
j  org.gradle.api.internal.artifacts.ivyservice.ivyresolve.CachingModuleComponentRepository.access$1200(Lorg/gradle/api/internal/artifacts/ivyservice/ivyresolve/CachingModuleComponentRepository;Lorg/gradle/internal/component/model/ComponentArtifactMetaData;)Lorg/gradle/internal/resource/cached/ivy/ArtifactAtRepositoryKey;+2
j  org.gradle.api.internal.artifacts.ivyservice.ivyresolve.CachingModuleComponentRepository$LocateInCacheRepositoryAccess.resolveArtifactFromCache(Lorg/gradle/internal/component/model/ComponentArtifactMetaData;Lorg/gradle/api/internal/artifacts/ivyservice/ivyresolve/CachingModuleComponentRepository$CachingModuleSource;Lorg/gradle/internal/resolve/result/BuildableArtifactResolveResult;)V+12
j  org.gradle.api.internal.artifacts.ivyservice.ivyresolve.CachingModuleComponentRepository$LocateInCacheRepositoryAccess.resolveArtifact(Lorg/gradle/internal/component/model/ComponentArtifactMetaData;Lorg/gradle/internal/component/model/ModuleSource;Lorg/gradle/internal/resolve/result/BuildableArtifactResolveResult;)V+45
J 5932 C1 org.gradle.api.internal.artifacts.ivyservice.ivyresolve.memcache.InMemoryCachedModuleComponentRepository$CachedAccess.resolveArtifact(Lorg/gradle/internal/component/model/ComponentArtifactMetaData;Lorg/gradle/internal/component/model/ModuleSource;Lorg/gradle/internal/resolve/result/BuildableArtifactResolveResult;)V (39 bytes) @ 0x000000010bc21374 [0x000000010bc21280+0xf4]
J 5931 C1 org.gradle.api.internal.artifacts.ivyservice.ivyresolve.ErrorHandlingModuleComponentRepository$ErrorHandlingModuleComponentRepositoryAccess.resolveArtifact(Lorg/gradle/internal/component/model/ComponentArtifactMetaData;Lorg/gradle/internal/component/model/ModuleSource;Lorg/gradle/internal/resolve/result/BuildableArtifactResolveResult;)V (39 bytes) @ 0x000000010bc20ca4 [0x000000010bc20c20+0x84]
J 5929 C1 org.gradle.api.internal.artifacts.ivyservice.ivyresolve.RepositoryChainArtifactResolver.resolveArtifact(Lorg/gradle/internal/component/model/ComponentArtifactMetaData;Lorg/gradle/internal/component/model/ModuleSource;Lorg/gradle/internal/resolve/result/BuildableArtifactResolveResult;)V (56 bytes) @ 0x000000010bc200b4 [0x000000010bc1ff20+0x194]
J 8559 C1 org.gradle.api.internal.artifacts.ivyservice.resolveengine.ComponentResolversChain$ArtifactResolverChain.resolveArtifact(Lorg/gradle/internal/component/model/ComponentArtifactMetaData;Lorg/gradle/internal/component/model/ModuleSource;Lorg/gradle/internal/resolve/result/BuildableArtifactResolveResult;)V (57 bytes) @ 0x000000010c0ffebc [0x000000010c0ffd80+0x13c]
J 8557 C1 org.gradle.api.internal.artifacts.ivyservice.ContextualArtifactResolver$3.execute(Ljava/lang/Object;)V (9 bytes) @ 0x000000010c10103c [0x000000010c100f80+0xbc]
J 5224 C1 org.gradle.internal.Transformers$4.transform(Ljava/lang/Object;)Ljava/lang/Object; (12 bytes) @ 0x000000010b341e34 [0x000000010b341dc0+0x74]
J 5226 C1 org.gradle.api.internal.artifacts.ivyservice.DefaultIvyContextManager.withIvy(Lorg/gradle/api/Transformer;)Ljava/lang/Object; (155 bytes) @ 0x000000010b530fac [0x000000010b52fd60+0x124c]
J 5911 C1 org.gradle.api.internal.artifacts.ivyservice.ContextualArtifactResolver$4.run()V (17 bytes) @ 0x000000010bc17a8c [0x000000010bc17980+0x10c]
J 10421 C1 org.gradle.internal.Factories$1.create()Ljava/lang/Object; (11 bytes) @ 0x000000010c501f0c [0x000000010c501e00+0x10c]
J 5197 C1 org.gradle.cache.internal.DefaultCacheAccess.useCache(Ljava/lang/String;Lorg/gradle/internal/Factory;)Ljava/lang/Object; (215 bytes) @ 0x000000010b02ab3c [0x000000010b02aa00+0x13c]
J 4508 C1 org.gradle.cache.internal.DefaultCacheAccess.useCache(Ljava/lang/String;Ljava/lang/Runnable;)V (11 bytes) @ 0x000000010b41b18c [0x000000010b41b0c0+0xcc]
J 4507 C1 org.gradle.cache.internal.DefaultPersistentDirectoryStore.useCache(Ljava/lang/String;Ljava/lang/Runnable;)V (12 bytes) @ 0x000000010b41b574 [0x000000010b41b500+0x74]
J 4506 C1 org.gradle.cache.internal.DefaultCacheFactory$ReferenceTrackingCache.useCache(Ljava/lang/String;Ljava/lang/Runnable;)V (15 bytes) @ 0x000000010b41b8fc [0x000000010b41b880+0x7c]
J 4505 C1 org.gradle.api.internal.artifacts.ivyservice.DefaultCacheLockingManager.useCache(Ljava/lang/String;Ljava/lang/Runnable;)V (12 bytes) @ 0x000000010b41bcb4 [0x000000010b41bc40+0x74]
J 7888 C1 org.gradle.api.internal.artifacts.ivyservice.ContextualArtifactResolver.resolveArtifact(Lorg/gradle/internal/component/model/ComponentArtifactMetaData;Lorg/gradle/internal/component/model/ModuleSource;Lorg/gradle/internal/resolve/result/BuildableArtifactResolveResult;)V (25 bytes) @ 0x000000010bf9a86c [0x000000010bf9a660+0x20c]
J 5924 C1 org.gradle.api.internal.artifacts.ivyservice.ivyresolve.ErrorHandlingArtifactResolver.resolveArtifact(Lorg/gradle/internal/component/model/ComponentArtifactMetaData;Lorg/gradle/internal/component/model/ModuleSource;Lorg/gradle/internal/resolve/result/BuildableArtifactResolveResult;)V (39 bytes) @ 0x000000010bc1e4a4 [0x000000010bc1e420+0x84]
J 7886 C1 org.gradle.api.internal.artifacts.ivyservice.resolveengine.artifact.DefaultArtifactSet$LazyArtifactSource.create()Ljava/lang/Object; (5 bytes) @ 0x000000010bf99934 [0x000000010bf997e0+0x154]
j  org.gradle.api.internal.artifacts.DefaultResolvedArtifact.getFile()Ljava/io/File;+12
j  org.gradle.api.internal.artifacts.ivyservice.DefaultLenientConfiguration$2.run()V+30
J 10421 C1 org.gradle.internal.Factories$1.create()Ljava/lang/Object; (11 bytes) @ 0x000000010c501f0c [0x000000010c501e00+0x10c]
J 5197 C1 org.gradle.cache.internal.DefaultCacheAccess.useCache(Ljava/lang/String;Lorg/gradle/internal/Factory;)Ljava/lang/Object; (215 bytes) @ 0x000000010b02ab3c [0x000000010b02aa00+0x13c]
J 4508 C1 org.gradle.cache.internal.DefaultCacheAccess.useCache(Ljava/lang/String;Ljava/lang/Runnable;)V (11 bytes) @ 0x000000010b41b18c [0x000000010b41b0c0+0xcc]
J 4507 C1 org.gradle.cache.internal.DefaultPersistentDirectoryStore.useCache(Ljava/lang/String;Ljava/lang/Runnable;)V (12 bytes) @ 0x000000010b41b574 [0x000000010b41b500+0x74]
J 4506 C1 org.gradle.cache.internal.DefaultCacheFactory$ReferenceTrackingCache.useCache(Ljava/lang/String;Ljava/lang/Runnable;)V (15 bytes) @ 0x000000010b41b8fc [0x000000010b41b880+0x7c]
J 4505 C1 org.gradle.api.internal.artifacts.ivyservice.DefaultCacheLockingManager.useCache(Ljava/lang/String;Ljava/lang/Runnable;)V (12 bytes) @ 0x000000010b41bcb4 [0x000000010b41bc40+0x74]
j  org.gradle.api.internal.artifacts.ivyservice.DefaultLenientConfiguration.getFiles(Ljava/util/Set;)Ljava/util/Set;+44
j  org.gradle.api.internal.artifacts.ivyservice.DefaultLenientConfiguration.getFilesStrict(Lorg/gradle/api/specs/Spec;)Ljava/util/Set;+8
j  org.gradle.api.internal.artifacts.ivyservice.DefaultResolvedConfiguration.getFiles(Lorg/gradle/api/specs/Spec;)Ljava/util/Set;+9
j  org.gradle.api.internal.artifacts.ivyservice.SelfResolvingDependencyConfigurationResolver$FilesAggregatingResolvedConfiguration.getFiles(Lorg/gradle/api/specs/Spec;)Ljava/util/Set;+29
j  org.gradle.api.internal.artifacts.ivyservice.ErrorHandlingConfigurationResolver$ErrorHandlingResolvedConfiguration.getFiles(Lorg/gradle/api/specs/Spec;)Ljava/util/Set;+5
j  org.gradle.api.internal.artifacts.configurations.DefaultConfiguration$ConfigurationFileCollection.getFiles()Ljava/util/Set;+42
j  org.gradle.api.internal.artifacts.configurations.DefaultConfiguration.getFiles()Ljava/util/Set;+7
j  org.gradle.api.internal.artifacts.configurations.DefaultConfiguration_Decorated.getFiles()Ljava/util/Set;+7
j  org.gradle.api.internal.initialization.DefaultScriptHandler.getScriptClassPath()Lorg/gradle/internal/classpath/ClassPath;+27
j  org.gradle.plugin.use.internal.DefaultPluginRequestApplicator.defineScriptHandlerClassScope(Lorg/gradle/api/internal/initialization/ScriptHandlerInternal;Lorg/gradle/api/internal/initialization/ClassLoaderScope;Ljava/lang/Iterable;)V+1
j  org.gradle.plugin.use.internal.DefaultPluginRequestApplicator.applyPlugins(Lorg/gradle/plugin/use/internal/PluginRequests;Lorg/gradle/api/internal/initialization/ScriptHandlerInternal;Lorg/gradle/api/internal/plugins/PluginManagerInternal;Lorg/gradle/api/internal/initialization/ClassLoaderScope;)V+16
j  org.gradle.configuration.DefaultScriptPluginFactory$ScriptPluginImpl.apply(Ljava/lang/Object;)V+337
j  org.gradle.configuration.project.BuildScriptProcessor.execute(Lorg/gradle/api/internal/project/ProjectInternal;)V+80
j  org.gradle.configuration.project.BuildScriptProcessor.execute(Ljava/lang/Object;)V+5
j  org.gradle.configuration.project.ConfigureActionsProjectEvaluator.evaluate(Lorg/gradle/api/internal/project/ProjectInternal;Lorg/gradle/api/internal/project/ProjectStateInternal;)V+33
j  org.gradle.configuration.project.LifecycleProjectEvaluator.evaluate(Lorg/gradle/api/internal/project/ProjectInternal;Lorg/gradle/api/internal/project/ProjectStateInternal;)V+54
j  org.gradle.api.internal.project.AbstractProject.evaluate()Lorg/gradle/api/internal/project/AbstractProject;+9
j  org.gradle.api.internal.project.AbstractProject.evaluate()Lorg/gradle/api/Project;+1
j  org.gradle.execution.TaskPathProjectEvaluator.configure(Lorg/gradle/api/internal/project/ProjectInternal;)V+21
j  org.gradle.configuration.DefaultBuildConfigurer.configure(Lorg/gradle/api/internal/GradleInternal;)V+32
j  org.gradle.initialization.DefaultGradleLauncher$2.run()V+14
J 10421 C1 org.gradle.internal.Factories$1.create()Ljava/lang/Object; (11 bytes) @ 0x000000010c501f0c [0x000000010c501e00+0x10c]
j  org.gradle.internal.progress.DefaultBuildOperationExecutor.run(Lorg/gradle/internal/progress/BuildOperationDetails;Lorg/gradle/internal/Factory;)Ljava/lang/Object;+171
j  org.gradle.internal.progress.DefaultBuildOperationExecutor.run(Ljava/lang/String;Ljava/lang/Runnable;)V+12
j  org.gradle.initialization.DefaultGradleLauncher.doBuildStages(Lorg/gradle/initialization/DefaultGradleLauncher$Stage;)V+39
j  org.gradle.initialization.DefaultGradleLauncher.access$200(Lorg/gradle/initialization/DefaultGradleLauncher;Lorg/gradle/initialization/DefaultGradleLauncher$Stage;)V+2
j  org.gradle.initialization.DefaultGradleLauncher$1.create()Lorg/gradle/BuildResult;+29
j  org.gradle.initialization.DefaultGradleLauncher$1.create()Ljava/lang/Object;+1
j  org.gradle.internal.progress.DefaultBuildOperationExecutor.run(Lorg/gradle/internal/progress/BuildOperationDetails;Lorg/gradle/internal/Factory;)Ljava/lang/Object;+171
j  org.gradle.internal.progress.DefaultBuildOperationExecutor.run(Ljava/lang/String;Lorg/gradle/internal/Factory;)Ljava/lang/Object;+9
j  org.gradle.initialization.DefaultGradleLauncher.doBuild(Lorg/gradle/initialization/DefaultGradleLauncher$Stage;)Lorg/gradle/BuildResult;+25
j  org.gradle.initialization.DefaultGradleLauncher.run()Lorg/gradle/BuildResult;+4
j  org.gradle.launcher.exec.InProcessBuildActionExecuter$DefaultBuildController.run()Lorg/gradle/api/internal/GradleInternal;+4
j  org.gradle.tooling.internal.provider.runner.BuildModelActionRunner.run(Lorg/gradle/internal/invocation/BuildAction;Lorg/gradle/internal/invocation/BuildController;)V+29
j  org.gradle.launcher.exec.ChainingBuildActionRunner.run(Lorg/gradle/internal/invocation/BuildAction;Lorg/gradle/internal/invocation/BuildController;)V+34
j  org.gradle.tooling.internal.provider.runner.SubscribableBuildActionRunner.run(Lorg/gradle/internal/invocation/BuildAction;Lorg/gradle/internal/invocation/BuildController;)V+37
j  org.gradle.launcher.exec.ChainingBuildActionRunner.run(Lorg/gradle/internal/invocation/BuildAction;Lorg/gradle/internal/invocation/BuildController;)V+34
j  org.gradle.launcher.exec.InProcessBuildActionExecuter.execute(Lorg/gradle/internal/invocation/BuildAction;Lorg/gradle/initialization/BuildRequestContext;Lorg/gradle/launcher/exec/BuildActionParameters;Lorg/gradle/internal/service/ServiceRegistry;)Ljava/lang/Object;+63
j  org.gradle.launcher.exec.InProcessBuildActionExecuter.execute(Lorg/gradle/internal/invocation/BuildAction;Lorg/gradle/initialization/BuildRequestContext;Ljava/lang/Object;Lorg/gradle/internal/service/ServiceRegistry;)Ljava/lang/Object;+9
j  org.gradle.launcher.exec.ContinuousBuildActionExecuter.execute(Lorg/gradle/internal/invocation/BuildAction;Lorg/gradle/initialization/BuildRequestContext;Lorg/gradle/launcher/exec/BuildActionParameters;Lorg/gradle/internal/service/ServiceRegistry;)Ljava/lang/Object;+70
j  org.gradle.launcher.exec.ContinuousBuildActionExecuter.execute(Lorg/gradle/internal/invocation/BuildAction;Lorg/gradle/initialization/BuildRequestContext;Ljava/lang/Object;Lorg/gradle/internal/service/ServiceRegistry;)Ljava/lang/Object;+9
j  org.gradle.launcher.daemon.server.exec.ExecuteBuild.doBuild(Lorg/gradle/launcher/daemon/server/api/DaemonCommandExecution;Lorg/gradle/launcher/daemon/protocol/Build;)V+74
j  org.gradle.launcher.daemon.server.exec.BuildCommandOnly.execute(Lorg/gradle/launcher/daemon/server/api/DaemonCommandExecution;)V+49
j  org.gradle.launcher.daemon.server.api.DaemonCommandExecution.proceed()Z+28
j  org.gradle.launcher.daemon.server.exec.WatchForDisconnection.execute(Lorg/gradle/launcher/daemon/server/api/DaemonCommandExecution;)V+19
j  org.gradle.launcher.daemon.server.api.DaemonCommandExecution.proceed()Z+28
j  org.gradle.launcher.daemon.server.exec.ResetDeprecationLogger.execute(Lorg/gradle/launcher/daemon/server/api/DaemonCommandExecution;)V+4
j  org.gradle.launcher.daemon.server.api.DaemonCommandExecution.proceed()Z+28
j  org.gradle.launcher.daemon.server.exec.RequestStopIfSingleUsedDaemon.execute(Lorg/gradle/launcher/daemon/server/api/DaemonCommandExecution;)V+31
j  org.gradle.launcher.daemon.server.api.DaemonCommandExecution.proceed()Z+28
j  org.gradle.launcher.daemon.server.exec.ForwardClientInput$2.call()Ljava/lang/Void;+4
j  org.gradle.launcher.daemon.server.exec.ForwardClientInput$2.call()Ljava/lang/Object;+1
j  org.gradle.util.Swapper.swap(Ljava/lang/Object;Ljava/util/concurrent/Callable;)Ljava/lang/Object;+21
j  org.gradle.launcher.daemon.server.exec.ForwardClientInput.execute(Lorg/gradle/launcher/daemon/server/api/DaemonCommandExecution;)V+63
j  org.gradle.launcher.daemon.server.api.DaemonCommandExecution.proceed()Z+28
j  org.gradle.launcher.daemon.server.health.DaemonHealthTracker.execute(Lorg/gradle/launcher/daemon/server/api/DaemonCommandExecution;)V+35
j  org.gradle.launcher.daemon.server.api.DaemonCommandExecution.proceed()Z+28
j  org.gradle.launcher.daemon.server.exec.LogToClient.doBuild(Lorg/gradle/launcher/daemon/server/api/DaemonCommandExecution;Lorg/gradle/launcher/daemon/protocol/Build;)V+97
j  org.gradle.launcher.daemon.server.exec.BuildCommandOnly.execute(Lorg/gradle/launcher/daemon/server/api/DaemonCommandExecution;)V+49
j  org.gradle.launcher.daemon.server.api.DaemonCommandExecution.proceed()Z+28
j  org.gradle.launcher.daemon.server.exec.EstablishBuildEnvironment.doBuild(Lorg/gradle/launcher/daemon/server/api/DaemonCommandExecution;Lorg/gradle/launcher/daemon/protocol/Build;)V+279
j  org.gradle.launcher.daemon.server.exec.BuildCommandOnly.execute(Lorg/gradle/launcher/daemon/server/api/DaemonCommandExecution;)V+49
j  org.gradle.launcher.daemon.server.api.DaemonCommandExecution.proceed()Z+28
j  org.gradle.launcher.daemon.server.health.HintGCAfterBuild.execute(Lorg/gradle/launcher/daemon/server/api/DaemonCommandExecution;)V+1
j  org.gradle.launcher.daemon.server.api.DaemonCommandExecution.proceed()Z+28
j  org.gradle.launcher.daemon.server.exec.StartBuildOrRespondWithBusy$1.run()V+44
j  org.gradle.launcher.daemon.server.DaemonStateCoordinator$1.run()V+4
j  org.gradle.internal.concurrent.ExecutorPolicy$CatchAndRecordFailures.onExecute(Ljava/lang/Runnable;)V+1
j  org.gradle.internal.concurrent.StoppableExecutorImpl$1.run()V+25
j  java.util.concurrent.ThreadPoolExecutor.runWorker(Ljava/util/concurrent/ThreadPoolExecutor$Worker;)V+95
j  java.util.concurrent.ThreadPoolExecutor$Worker.run()V+5
j  java.lang.Thread.run()V+11
v  ~StubRoutines::call_stub

---------------  P R O C E S S  ---------------

Java Threads: ( => current thread )
  0x00007ff745b89000 JavaThread "Stdin handler" [_thread_blocked, id=24075, stack(0x0000700001456000,0x0000700001556000)]
=>0x00007ff743c73800 JavaThread "Daemon worker Thread 4" [_thread_in_vm, id=20755, stack(0x0000700001353000,0x0000700001453000)]
  0x00007ff743b48800 JavaThread "Cancel handler" [_thread_blocked, id=24603, stack(0x0000700001250000,0x0000700001350000)]
  0x00007ff746b66800 JavaThread "Handler for socket connection from /127.0.0.1:51439 to /127.0.0.1:61006" [_thread_in_native, id=21787, stack(0x000070000114d000,0x000070000124d000)]
  0x00007ff743429800 JavaThread "Daemon Thread 4" [_thread_blocked, id=20527, stack(0x0000700000932000,0x0000700000a32000)]
  0x00007ff743255800 JavaThread "File lock request listener" [_thread_in_native, id=22787, stack(0x000070000165c000,0x000070000175c000)]
  0x00007ff74499c800 JavaThread "Incoming local TCP Connector on port 51439" [_thread_in_native, id=19715, stack(0x000070000104a000,0x000070000114a000)]
  0x00007ff74381c000 JavaThread "Service Thread" daemon [_thread_blocked, id=18691, stack(0x0000700000e44000,0x0000700000f44000)]
  0x00007ff744859000 JavaThread "C1 CompilerThread2" daemon [_thread_blocked, id=18179, stack(0x0000700000d41000,0x0000700000e41000)]
  0x00007ff744858800 JavaThread "C2 CompilerThread1" daemon [_thread_in_native, id=17667, stack(0x0000700000c3e000,0x0000700000d3e000)]
  0x00007ff74381b800 JavaThread "C2 CompilerThread0" daemon [_thread_in_native, id=17155, stack(0x0000700000b3b000,0x0000700000c3b000)]
  0x00007ff744809000 JavaThread "Signal Dispatcher" daemon [_thread_blocked, id=12815, stack(0x0000700000a38000,0x0000700000b38000)]
  0x00007ff743807000 JavaThread "Finalizer" daemon [_thread_blocked, id=11779, stack(0x000070000082f000,0x000070000092f000)]
  0x00007ff743014800 JavaThread "Reference Handler" daemon [_thread_blocked, id=11267, stack(0x000070000072c000,0x000070000082c000)]
  0x00007ff74300a000 JavaThread "main" [_thread_blocked, id=4099, stack(0x0000700000084000,0x0000700000184000)]

Other Threads:
  0x00007ff743806800 VMThread [stack: 0x0000700000629000,0x0000700000729000] [id=10755]
  0x00007ff743067000 WatcherThread [stack: 0x0000700000f47000,0x0000700001047000] [id=19203]

VM state:not at safepoint (normal execution)

VM Mutex/Monitor currently owned by a thread: None

Heap:
 PSYoungGen      total 251392K, used 62279K [0x0000000795580000, 0x00000007a7e00000, 0x00000007c0000000)
  eden space 217600K, 28% used [0x0000000795580000,0x0000000799251d60,0x00000007a2a00000)
  from space 33792K, 0% used [0x00000007a5100000,0x00000007a5100000,0x00000007a7200000)
  to   space 39936K, 0% used [0x00000007a2a00000,0x00000007a2a00000,0x00000007a5100000)
 ParOldGen       total 183296K, used 61261K [0x0000000740000000, 0x000000074b300000, 0x0000000795580000)
  object space 183296K, 33% used [0x0000000740000000,0x0000000743bd3710,0x000000074b300000)
 Metaspace       used 63076K, capacity 66698K, committed 67328K, reserved 1107968K
  class space    used 8506K, capacity 9237K, committed 9472K, reserved 1048576K

Card table byte_map: [0x0000000119fc0000,0x000000011a3c1000] byte_map_base: 0x00000001165c0000

Marking Bits: (ParMarkBitMap*) 0x0000000109be7390
 Begin Bits: [0x000000011a66c000, 0x000000011c66c000)
 End Bits:   [0x000000011c66c000, 0x000000011e66c000)

Polling page: 0x000000010a2a8000

CodeCache: size=245760Kb used=32004Kb max_used=33073Kb free=213755Kb
 bounds [0x000000010ac00000, 0x000000010ccb0000, 0x0000000119c00000]
 total_blobs=11527 nmethods=10784 adapters=654
 compilation: enabled

Compilation events (10 events):
Event: 10726.669 Thread 0x00007ff744859000 nmethod 13430 0x000000010ada4510 code [0x000000010ada46c0, 0x000000010ada4cf8]
Event: 10726.670 Thread 0x00007ff744859000 13433       3       org.gradle.api.internal.artifacts.ivyservice.resolveengine.artifact.DefaultArtifactSet::getArtifacts (186 bytes)
Event: 10726.673 Thread 0x00007ff744859000 nmethod 13433 0x000000010c80ed90 code [0x000000010c80f0c0, 0x000000010c810908]
Event: 10726.677 Thread 0x00007ff744859000 13426       3       org.gradle.api.internal.artifacts.ResolvedConfigurationIdentifier::hashCode (16 bytes)
Event: 10726.677 Thread 0x00007ff744859000 nmethod 13426 0x000000010aff2ed0 code [0x000000010aff3060, 0x000000010aff3358]
Event: 10726.680 Thread 0x00007ff744859000 13427       3       org.gradle.internal.component.external.model.DefaultMavenModuleResolveMetaData::copy (43 bytes)
Event: 10726.681 Thread 0x00007ff744859000 nmethod 13427 0x000000010af45850 code [0x000000010af45a00, 0x000000010af461b8]
Event: 10726.684 Thread 0x00007ff744859000 13434       3       org.gradle.internal.component.external.model.DefaultModuleComponentArtifactMetaData::getId (5 bytes)
Event: 10726.685 Thread 0x00007ff744859000 nmethod 13434 0x000000010af03a50 code [0x000000010af03bc0, 0x000000010af03d30]
Event: 10726.688 Thread 0x00007ff744859000 13428       3       org.gradle.api.internal.artifacts.ivyservice.resolveengine.artifact.ResolvedArtifactsGraphVisitor::getArtifacts (199 bytes)

GC Heap History (10 events):
Event: 8975.119 GC heap before
{Heap before GC invocations=17 (full 4):
 PSYoungGen      total 197120K, used 178108K [0x0000000795580000, 0x00000007a5300000, 0x00000007c0000000)
  eden space 174080K, 100% used [0x0000000795580000,0x000000079ff80000,0x000000079ff80000)
  from space 23040K, 17% used [0x00000007a1680000,0x00000007a1a6f388,0x00000007a2d00000)
  to   space 23552K, 0% used [0x000000079ff80000,0x000000079ff80000,0x00000007a1680000)
 ParOldGen       total 183296K, used 42835K [0x0000000740000000, 0x000000074b300000, 0x0000000795580000)
  object space 183296K, 23% used [0x0000000740000000,0x00000007429d4da8,0x000000074b300000)
 Metaspace       used 55215K, capacity 58246K, committed 58496K, reserved 1099776K
  class space    used 7620K, capacity 8262K, committed 8320K, reserved 1048576K
Event: 8975.129 GC heap after
Heap after GC invocations=17 (full 4):
 PSYoungGen      total 197632K, used 10671K [0x0000000795580000, 0x00000007a4c80000, 0x00000007c0000000)
  eden space 174080K, 0% used [0x0000000795580000,0x0000000795580000,0x000000079ff80000)
  from space 23552K, 45% used [0x000000079ff80000,0x00000007a09ebcb0,0x00000007a1680000)
  to   space 22528K, 0% used [0x00000007a3680000,0x00000007a3680000,0x00000007a4c80000)
 ParOldGen       total 183296K, used 42843K [0x0000000740000000, 0x000000074b300000, 0x0000000795580000)
  object space 183296K, 23% used [0x0000000740000000,0x00000007429d6da8,0x000000074b300000)
 Metaspace       used 55215K, capacity 58246K, committed 58496K, reserved 1099776K
  class space    used 7620K, capacity 8262K, committed 8320K, reserved 1048576K
}
Event: 9418.659 GC heap before
{Heap before GC invocations=18 (full 4):
 PSYoungGen      total 197632K, used 184751K [0x0000000795580000, 0x00000007a4c80000, 0x00000007c0000000)
  eden space 174080K, 100% used [0x0000000795580000,0x000000079ff80000,0x000000079ff80000)
  from space 23552K, 45% used [0x000000079ff80000,0x00000007a09ebcb0,0x00000007a1680000)
  to   space 22528K, 0% used [0x00000007a3680000,0x00000007a3680000,0x00000007a4c80000)
 ParOldGen       total 183296K, used 42843K [0x0000000740000000, 0x000000074b300000, 0x0000000795580000)
  object space 183296K, 23% used [0x0000000740000000,0x00000007429d6da8,0x000000074b300000)
 Metaspace       used 55714K, capacity 58970K, committed 59136K, reserved 1099776K
  class space    used 7669K, capacity 8344K, committed 8448K, reserved 1048576K
Event: 9418.676 GC heap after
Heap after GC invocations=18 (full 4):
 PSYoungGen      total 182272K, used 12176K [0x0000000795580000, 0x00000007a4280000, 0x00000007c0000000)
  eden space 169984K, 0% used [0x0000000795580000,0x0000000795580000,0x000000079fb80000)
  from space 12288K, 99% used [0x00000007a3680000,0x00000007a4264378,0x00000007a4280000)
  to   space 21504K, 0% used [0x00000007a1880000,0x00000007a1880000,0x00000007a2d80000)
 ParOldGen       total 183296K, used 42851K [0x0000000740000000, 0x000000074b300000, 0x0000000795580000)
  object space 183296K, 23% used [0x0000000740000000,0x00000007429d8da8,0x000000074b300000)
 Metaspace       used 55714K, capacity 58970K, committed 59136K, reserved 1099776K
  class space    used 7669K, capacity 8344K, committed 8448K, reserved 1048576K
}
Event: 9420.822 GC heap before
{Heap before GC invocations=19 (full 4):
 PSYoungGen      total 182272K, used 182160K [0x0000000795580000, 0x00000007a4280000, 0x00000007c0000000)
  eden space 169984K, 100% used [0x0000000795580000,0x000000079fb80000,0x000000079fb80000)
  from space 12288K, 99% used [0x00000007a3680000,0x00000007a4264378,0x00000007a4280000)
  to   space 21504K, 0% used [0x00000007a1880000,0x00000007a1880000,0x00000007a2d80000)
 ParOldGen       total 183296K, used 42851K [0x0000000740000000, 0x000000074b300000, 0x0000000795580000)
  object space 183296K, 23% used [0x0000000740000000,0x00000007429d8da8,0x000000074b300000)
 Metaspace       used 61245K, capacity 64992K, committed 65280K, reserved 1105920K
  class space    used 8318K, capacity 9110K, committed 9216K, reserved 1048576K
Event: 9420.913 GC heap after
Heap after GC invocations=19 (full 4):
 PSYoungGen      total 221184K, used 21489K [0x0000000795580000, 0x00000007a7200000, 0x00000007c0000000)
  eden space 199680K, 0% used [0x0000000795580000,0x0000000795580000,0x00000007a1880000)
  from space 21504K, 99% used [0x00000007a1880000,0x00000007a2d7c7f0,0x00000007a2d80000)
  to   space 33792K, 0% used [0x00000007a5100000,0x00000007a5100000,0x00000007a7200000)
 ParOldGen       total 183296K, used 68809K [0x0000000740000000, 0x000000074b300000, 0x0000000795580000)
  object space 183296K, 37% used [0x0000000740000000,0x00000007443326e0,0x000000074b300000)
 Metaspace       used 61245K, capacity 64992K, committed 65280K, reserved 1105920K
  class space    used 8318K, capacity 9110K, committed 9216K, reserved 1048576K
}
Event: 9423.143 GC heap before
{Heap before GC invocations=20 (full 4):
 PSYoungGen      total 221184K, used 161198K [0x0000000795580000, 0x00000007a7200000, 0x00000007c0000000)
  eden space 199680K, 69% used [0x0000000795580000,0x000000079ddef218,0x00000007a1880000)
  from space 21504K, 99% used [0x00000007a1880000,0x00000007a2d7c7f0,0x00000007a2d80000)
  to   space 33792K, 0% used [0x00000007a5100000,0x00000007a5100000,0x00000007a7200000)
 ParOldGen       total 183296K, used 68809K [0x0000000740000000, 0x000000074b300000, 0x0000000795580000)
  object space 183296K, 37% used [0x0000000740000000,0x00000007443326e0,0x000000074b300000)
 Metaspace       used 63215K, capacity 67038K, committed 67328K, reserved 1107968K
  class space    used 8533K, capacity 9349K, committed 9472K, reserved 1048576K
Event: 9423.236 GC heap after
Heap after GC invocations=20 (full 4):
 PSYoungGen      total 251392K, used 33776K [0x0000000795580000, 0x00000007a7e00000, 0x00000007c0000000)
  eden space 217600K, 0% used [0x0000000795580000,0x0000000795580000,0x00000007a2a00000)
  from space 33792K, 99% used [0x00000007a5100000,0x00000007a71fc158,0x00000007a7200000)
  to   space 39936K, 0% used [0x00000007a2a00000,0x00000007a2a00000,0x00000007a5100000)
 ParOldGen       total 183296K, used 71095K [0x0000000740000000, 0x000000074b300000, 0x0000000795580000)
  object space 183296K, 38% used [0x0000000740000000,0x000000074456dfa0,0x000000074b300000)
 Metaspace       used 63215K, capacity 67038K, committed 67328K, reserved 1107968K
  class space    used 8533K, capacity 9349K, committed 9472K, reserved 1048576K
}
Event: 9423.236 GC heap before
{Heap before GC invocations=21 (full 5):
 PSYoungGen      total 251392K, used 33776K [0x0000000795580000, 0x00000007a7e00000, 0x00000007c0000000)
  eden space 217600K, 0% used [0x0000000795580000,0x0000000795580000,0x00000007a2a00000)
  from space 33792K, 99% used [0x00000007a5100000,0x00000007a71fc158,0x00000007a7200000)
  to   space 39936K, 0% used [0x00000007a2a00000,0x00000007a2a00000,0x00000007a5100000)
 ParOldGen       total 183296K, used 71095K [0x0000000740000000, 0x000000074b300000, 0x0000000795580000)
  object space 183296K, 38% used [0x0000000740000000,0x000000074456dfa0,0x000000074b300000)
 Metaspace       used 63215K, capacity 67038K, committed 67328K, reserved 1107968K
  class space    used 8533K, capacity 9349K, committed 9472K, reserved 1048576K
Event: 9423.941 GC heap after
Heap after GC invocations=21 (full 5):
 PSYoungGen      total 251392K, used 0K [0x0000000795580000, 0x00000007a7e00000, 0x00000007c0000000)
  eden space 217600K, 0% used [0x0000000795580000,0x0000000795580000,0x00000007a2a00000)
  from space 33792K, 0% used [0x00000007a5100000,0x00000007a5100000,0x00000007a7200000)
  to   space 39936K, 0% used [0x00000007a2a00000,0x00000007a2a00000,0x00000007a5100000)
 ParOldGen       total 183296K, used 61261K [0x0000000740000000, 0x000000074b300000, 0x0000000795580000)
  object space 183296K, 33% used [0x0000000740000000,0x0000000743bd3710,0x000000074b300000)
 Metaspace       used 62956K, capacity 66468K, committed 67328K, reserved 1107968K
  class space    used 8485K, capacity 9212K, committed 9472K, reserved 1048576K
}

Deoptimization events (10 events):
Event: 9422.397 Thread 0x00007ff744bc9000 Uncommon trap: reason=bimorphic action=maybe_recompile pc=0x000000010b2ddac8 method=groovy.lang.MetaClassImpl.filterPropertyMethod(Ljava/lang/Object;ZZ)Ljava/lang/Object; @ 40
Event: 9422.397 Thread 0x00007ff744bc9000 Uncommon trap: reason=bimorphic action=maybe_recompile pc=0x000000010b95b4e8 method=groovy.lang.MetaClassImpl.filterPropertyMethod(Ljava/lang/Object;ZZ)Ljava/lang/Object; @ 40
Event: 9422.398 Thread 0x00007ff744bc9000 Uncommon trap: reason=array_check action=maybe_recompile pc=0x000000010c453198 method=java.util.ComparableTimSort.binarySort([Ljava/lang/Object;III)V @ 215
Event: 9422.949 Thread 0x00007ff74697c800 Uncommon trap: reason=unreached action=reinterpret pc=0x000000010cbb6b9c method=java.util.RegularEnumSet.contains(Ljava/lang/Object;)Z @ 16
Event: 9422.969 Thread 0x00007ff74697c800 Uncommon trap: reason=range_check action=make_not_entrant pc=0x000000010c9a4304 method=java.lang.Character.codePointAtImpl([CII)I @ 2
Event: 9422.981 Thread 0x00007ff74697c800 Uncommon trap: reason=unreached action=reinterpret pc=0x000000010ca83c6c method=com.sun.tools.javac.code.Types$18.visitClassType(Lcom/sun/tools/javac/code/Type$ClassType;Ljava/lang/Void;)Lcom/sun/tools/javac/code/Type; @ 43
Event: 9422.981 Thread 0x00007ff74697c800 Uncommon trap: reason=unreached action=reinterpret pc=0x000000010bbcb2cc method=com.sun.tools.javac.code.Types$19.visitClassType(Lcom/sun/tools/javac/code/Type$ClassType;Ljava/lang/Void;)Lcom/sun/tools/javac/util/List; @ 22
Event: 9423.004 Thread 0x00007ff74697c800 Uncommon trap: reason=unreached action=reinterpret pc=0x000000010ae8573c method=com.sun.tools.javac.code.Types$18.visitClassType(Lcom/sun/tools/javac/code/Type$ClassType;Ljava/lang/Void;)Lcom/sun/tools/javac/code/Type; @ 43
Event: 9423.004 Thread 0x00007ff74697c800 Uncommon trap: reason=unreached action=reinterpret pc=0x000000010b2f4ad0 method=com.sun.tools.javac.code.Types$19.visitClassType(Lcom/sun/tools/javac/code/Type$ClassType;Ljava/lang/Void;)Lcom/sun/tools/javac/util/List; @ 22
Event: 9423.024 Thread 0x00007ff74697c800 Uncommon trap: reason=unreached action=reinterpret pc=0x000000010cab0160 method=com.sun.tools.javac.code.Types.rank(Lcom/sun/tools/javac/code/Type;)I @ 88

Internal exceptions (10 events):
Event: 10726.256 Thread 0x00007ff743c73800 Exception <a 'java/security/PrivilegedActionException'> (0x0000000796718c08) thrown at [/HUDSON3/workspace/8-2-build-macosx-x86_64/jdk8u25/1514/hotspot/src/share/vm/prims/jvm.cpp, line 1312]
Event: 10726.256 Thread 0x00007ff743c73800 Exception <a 'java/security/PrivilegedActionException'> (0x0000000796723240) thrown at [/HUDSON3/workspace/8-2-build-macosx-x86_64/jdk8u25/1514/hotspot/src/share/vm/prims/jvm.cpp, line 1312]
Event: 10726.256 Thread 0x00007ff743c73800 Exception <a 'java/security/PrivilegedActionException'> (0x0000000796727078) thrown at [/HUDSON3/workspace/8-2-build-macosx-x86_64/jdk8u25/1514/hotspot/src/share/vm/prims/jvm.cpp, line 1312]
Event: 10726.267 Thread 0x00007ff743c73800 Exception <a 'java/security/PrivilegedActionException'> (0x000000079672c3b0) thrown at [/HUDSON3/workspace/8-2-build-macosx-x86_64/jdk8u25/1514/hotspot/src/share/vm/prims/jvm.cpp, line 1312]
Event: 10726.267 Thread 0x00007ff743c73800 Exception <a 'java/security/PrivilegedActionException'> (0x000000079672d4a0) thrown at [/HUDSON3/workspace/8-2-build-macosx-x86_64/jdk8u25/1514/hotspot/src/share/vm/prims/jvm.cpp, line 1312]
Event: 10726.267 Thread 0x00007ff743c73800 Exception <a 'java/security/PrivilegedActionException'> (0x0000000796735c48) thrown at [/HUDSON3/workspace/8-2-build-macosx-x86_64/jdk8u25/1514/hotspot/src/share/vm/prims/jvm.cpp, line 1312]
Event: 10726.267 Thread 0x00007ff743c73800 Exception <a 'java/security/PrivilegedActionException'> (0x000000079673a1a8) thrown at [/HUDSON3/workspace/8-2-build-macosx-x86_64/jdk8u25/1514/hotspot/src/share/vm/prims/jvm.cpp, line 1312]
Event: 10726.268 Thread 0x00007ff743c73800 Exception <a 'java/security/PrivilegedActionException'> (0x000000079673fd98) thrown at [/HUDSON3/workspace/8-2-build-macosx-x86_64/jdk8u25/1514/hotspot/src/share/vm/prims/jvm.cpp, line 1312]
Event: 10726.268 Thread 0x00007ff743c73800 Exception <a 'java/security/PrivilegedActionException'> (0x0000000796741260) thrown at [/HUDSON3/workspace/8-2-build-macosx-x86_64/jdk8u25/1514/hotspot/src/share/vm/prims/jvm.cpp, line 1312]
Event: 10726.268 Thread 0x00007ff743c73800 Exception <a 'java/security/PrivilegedActionException'> (0x000000079674aa88) thrown at [/HUDSON3/workspace/8-2-build-macosx-x86_64/jdk8u25/1514/hotspot/src/share/vm/prims/jvm.cpp, line 1312]

Events (10 events):
Event: 10726.683 Thread 0x00007ff744859000 flushing nmethod 0x000000010b6393d0
Event: 10726.684 Thread 0x00007ff744859000 flushing nmethod 0x000000010b678810
Event: 10726.685 Thread 0x00007ff744859000 flushing nmethod 0x000000010b6b33d0
Event: 10726.686 Thread 0x00007ff744859000 flushing nmethod 0x000000010b70a0d0
Event: 10726.686 Thread 0x00007ff744859000 flushing nmethod 0x000000010b73d910
Event: 10726.686 Thread 0x00007ff744859000 flushing nmethod 0x000000010b7604d0
Event: 10726.687 Thread 0x00007ff744859000 flushing nmethod 0x000000010b7c3bd0
Event: 10726.687 Executing VM operation: ForceSafepoint
Event: 10726.688 Executing VM operation: ForceSafepoint done
Event: 10726.688 Thread 0x00007ff744859000 flushing nmethod 0x000000010b86bfd0


Dynamic libraries:
0x00000000032b5000 	/System/Library/Frameworks/Cocoa.framework/Versions/A/Cocoa
0x00000000032b5000 	/System/Library/Frameworks/Security.framework/Versions/A/Security
0x00000000032b5000 	/System/Library/Frameworks/ApplicationServices.framework/Versions/A/ApplicationServices
0x00000000032b5000 	/usr/lib/libz.1.dylib
0x00000000032b5000 	/usr/lib/libSystem.B.dylib
0x00000000032b5000 	/usr/lib/libobjc.A.dylib
0x00000000032b5000 	/System/Library/Frameworks/CoreFoundation.framework/Versions/A/CoreFoundation
0x00000000032b5000 	/System/Library/Frameworks/Foundation.framework/Versions/C/Foundation
0x00000000032b5000 	/System/Library/Frameworks/AppKit.framework/Versions/C/AppKit
0x00000000032b5000 	/System/Library/Frameworks/CoreData.framework/Versions/A/CoreData
0x00000000032b5000 	/System/Library/PrivateFrameworks/RemoteViewServices.framework/Versions/A/RemoteViewServices
0x00000000032b5000 	/System/Library/PrivateFrameworks/UIFoundation.framework/Versions/A/UIFoundation
0x00000000032b5000 	/usr/lib/libScreenReader.dylib
0x00000000032b5000 	/System/Library/Frameworks/Accelerate.framework/Versions/A/Accelerate
0x00000000032b5000 	/System/Library/Frameworks/IOSurface.framework/Versions/A/IOSurface
0x00000000032b5000 	/System/Library/Frameworks/AudioToolbox.framework/Versions/A/AudioToolbox
0x00000000032b5000 	/System/Library/Frameworks/AudioUnit.framework/Versions/A/AudioUnit
0x00000000032b5000 	/System/Library/PrivateFrameworks/DataDetectorsCore.framework/Versions/A/DataDetectorsCore
0x00000000032b5000 	/System/Library/PrivateFrameworks/DesktopServicesPriv.framework/Versions/A/DesktopServicesPriv
0x00000000032b5000 	/System/Library/Frameworks/Carbon.framework/Versions/A/Frameworks/HIToolbox.framework/Versions/A/HIToolbox
0x00000000032b5000 	/System/Library/Frameworks/QuartzCore.framework/Versions/A/QuartzCore
0x00000000032b5000 	/System/Library/Frameworks/Carbon.framework/Versions/A/Frameworks/SpeechRecognition.framework/Versions/A/SpeechRecognition
0x00000000032b5000 	/usr/lib/libauto.dylib
0x00000000032b5000 	/usr/lib/libicucore.A.dylib
0x00000000032b5000 	/usr/lib/libxml2.2.dylib
0x00000000032b5000 	/System/Library/PrivateFrameworks/CoreUI.framework/Versions/A/CoreUI
0x00000000032b5000 	/System/Library/Frameworks/CoreAudio.framework/Versions/A/CoreAudio
0x00000000032b5000 	/System/Library/Frameworks/DiskArbitration.framework/Versions/A/DiskArbitration
0x00000000032b5000 	/usr/lib/liblangid.dylib
0x00000000032b5000 	/System/Library/PrivateFrameworks/MultitouchSupport.framework/Versions/A/MultitouchSupport
0x00000000032b5000 	/System/Library/Frameworks/IOKit.framework/Versions/A/IOKit
0x00000000032b5000 	/usr/lib/libDiagnosticMessagesClient.dylib
0x00000000032b5000 	/System/Library/Frameworks/CoreServices.framework/Versions/A/CoreServices
0x00000000032b5000 	/System/Library/PrivateFrameworks/PerformanceAnalysis.framework/Versions/A/PerformanceAnalysis
0x00000000032b5000 	/System/Library/PrivateFrameworks/GenerationalStorage.framework/Versions/A/GenerationalStorage
0x00000000032b5000 	/System/Library/Frameworks/OpenGL.framework/Versions/A/OpenGL
0x00000000032b5000 	/System/Library/PrivateFrameworks/Sharing.framework/Versions/A/Sharing
0x00000000032b5000 	/System/Library/Frameworks/CoreGraphics.framework/Versions/A/CoreGraphics
0x00000000032b5000 	/System/Library/Frameworks/CoreImage.framework/Versions/A/CoreImage
0x00000000032b5000 	/System/Library/Frameworks/CoreText.framework/Versions/A/CoreText
0x00000000032b5000 	/System/Library/Frameworks/ImageIO.framework/Versions/A/ImageIO
0x00000000032b5000 	/System/Library/PrivateFrameworks/Backup.framework/Versions/A/Backup
0x00000000032b5000 	/usr/lib/libextension.dylib
0x00000000032b5000 	/usr/lib/libarchive.2.dylib
0x00000000032b5000 	/System/Library/Frameworks/CFNetwork.framework/Versions/A/CFNetwork
0x00000000032b5000 	/System/Library/Frameworks/SystemConfiguration.framework/Versions/A/SystemConfiguration
0x00000000032b5000 	/usr/lib/libCRFSuite.dylib
0x00000000032b5000 	/usr/lib/libc++.1.dylib
0x00000000032b5000 	/usr/lib/libc++abi.dylib
0x00000000032b5000 	/usr/lib/system/libcache.dylib
0x00000000032b5000 	/usr/lib/system/libcommonCrypto.dylib
0x00000000032b5000 	/usr/lib/system/libcompiler_rt.dylib
0x00000000032b5000 	/usr/lib/system/libcopyfile.dylib
0x00000000032b5000 	/usr/lib/system/libcorecrypto.dylib
0x00000000032b5000 	/usr/lib/system/libdispatch.dylib
0x00000000032b5000 	/usr/lib/system/libdyld.dylib
0x00000000032b5000 	/usr/lib/system/libkeymgr.dylib
0x00000000032b5000 	/usr/lib/system/liblaunch.dylib
0x00000000032b5000 	/usr/lib/system/libmacho.dylib
0x00000000032b5000 	/usr/lib/system/libquarantine.dylib
0x00000000032b5000 	/usr/lib/system/libremovefile.dylib
0x00000000032b5000 	/usr/lib/system/libsystem_asl.dylib
0x00000000032b5000 	/usr/lib/system/libsystem_blocks.dylib
0x00000000032b5000 	/usr/lib/system/libsystem_c.dylib
0x00000000032b5000 	/usr/lib/system/libsystem_configuration.dylib
0x00000000032b5000 	/usr/lib/system/libsystem_coreservices.dylib
0x00000000032b5000 	/usr/lib/system/libsystem_coretls.dylib
0x00000000032b5000 	/usr/lib/system/libsystem_dnssd.dylib
0x00000000032b5000 	/usr/lib/system/libsystem_info.dylib
0x00000000032b5000 	/usr/lib/system/libsystem_kernel.dylib
0x00000000032b5000 	/usr/lib/system/libsystem_m.dylib
0x00000000032b5000 	/usr/lib/system/libsystem_malloc.dylib
0x00000000032b5000 	/usr/lib/system/libsystem_network.dylib
0x00000000032b5000 	/usr/lib/system/libsystem_networkextension.dylib
0x00000000032b5000 	/usr/lib/system/libsystem_notify.dylib
0x00000000032b5000 	/usr/lib/system/libsystem_platform.dylib
0x00000000032b5000 	/usr/lib/system/libsystem_pthread.dylib
0x00000000032b5000 	/usr/lib/system/libsystem_sandbox.dylib
0x00000000032b5000 	/usr/lib/system/libsystem_secinit.dylib
0x00000000032b5000 	/usr/lib/system/libsystem_trace.dylib
0x00000000032b5000 	/usr/lib/system/libunc.dylib
0x00000000032b5000 	/usr/lib/system/libunwind.dylib
0x00000000032b5000 	/usr/lib/system/libxpc.dylib
0x00000000032b5000 	/usr/lib/libenergytrace.dylib
0x00000000032b5000 	/usr/lib/libbsm.0.dylib
0x00000000032b5000 	/usr/lib/system/libkxld.dylib
0x00000000032b5000 	/usr/lib/libxar.1.dylib
0x00000000032b5000 	/usr/lib/libsqlite3.dylib
0x00000000032b5000 	/usr/lib/libpam.2.dylib
0x00000000032b5000 	/usr/lib/libOpenScriptingUtil.dylib
0x00000000032b5000 	/usr/lib/libbz2.1.0.dylib
0x00000000032b5000 	/usr/lib/liblzma.5.dylib
0x00000000032b5000 	/System/Library/Frameworks/CoreServices.framework/Versions/A/Frameworks/FSEvents.framework/Versions/A/FSEvents
0x00000000032b5000 	/System/Library/Frameworks/CoreServices.framework/Versions/A/Frameworks/CarbonCore.framework/Versions/A/CarbonCore
0x00000000032b5000 	/System/Library/Frameworks/CoreServices.framework/Versions/A/Frameworks/Metadata.framework/Versions/A/Metadata
0x00000000032b5000 	/System/Library/Frameworks/CoreServices.framework/Versions/A/Frameworks/OSServices.framework/Versions/A/OSServices
0x00000000032b5000 	/System/Library/Frameworks/CoreServices.framework/Versions/A/Frameworks/SearchKit.framework/Versions/A/SearchKit
0x00000000032b5000 	/System/Library/Frameworks/CoreServices.framework/Versions/A/Frameworks/AE.framework/Versions/A/AE
0x00000000032b5000 	/System/Library/Frameworks/CoreServices.framework/Versions/A/Frameworks/LaunchServices.framework/Versions/A/LaunchServices
0x00000000032b5000 	/System/Library/Frameworks/CoreServices.framework/Versions/A/Frameworks/DictionaryServices.framework/Versions/A/DictionaryServices
0x00000000032b5000 	/System/Library/Frameworks/CoreServices.framework/Versions/A/Frameworks/SharedFileList.framework/Versions/A/SharedFileList
0x00000000032b5000 	/System/Library/Frameworks/NetFS.framework/Versions/A/NetFS
0x00000000032b5000 	/System/Library/PrivateFrameworks/NetAuth.framework/Versions/A/NetAuth
0x00000000032b5000 	/System/Library/PrivateFrameworks/login.framework/Versions/A/Frameworks/loginsupport.framework/Versions/A/loginsupport
0x00000000032b5000 	/System/Library/PrivateFrameworks/TCC.framework/Versions/A/TCC
0x00000000032b5000 	/usr/lib/libmecabra.dylib
0x00000000032b5000 	/System/Library/Frameworks/ApplicationServices.framework/Versions/A/Frameworks/ATS.framework/Versions/A/ATS
0x00000000032b5000 	/System/Library/Frameworks/ApplicationServices.framework/Versions/A/Frameworks/ColorSync.framework/Versions/A/ColorSync
0x00000000032b5000 	/System/Library/Frameworks/ApplicationServices.framework/Versions/A/Frameworks/HIServices.framework/Versions/A/HIServices
0x00000000032b5000 	/System/Library/Frameworks/ApplicationServices.framework/Versions/A/Frameworks/LangAnalysis.framework/Versions/A/LangAnalysis
0x00000000032b5000 	/System/Library/Frameworks/ApplicationServices.framework/Versions/A/Frameworks/PrintCore.framework/Versions/A/PrintCore
0x00000000032b5000 	/System/Library/Frameworks/ApplicationServices.framework/Versions/A/Frameworks/QD.framework/Versions/A/QD
0x00000000032b5000 	/System/Library/Frameworks/ApplicationServices.framework/Versions/A/Frameworks/SpeechSynthesis.framework/Versions/A/SpeechSynthesis
0x00000000032b5000 	/System/Library/Frameworks/Metal.framework/Versions/A/Metal
0x00000000032b5000 	/System/Library/Frameworks/Accelerate.framework/Versions/A/Frameworks/vImage.framework/Versions/A/vImage
0x00000000032b5000 	/System/Library/Frameworks/Accelerate.framework/Versions/A/Frameworks/vecLib.framework/Versions/A/vecLib
0x00000000032b5000 	/System/Library/Frameworks/Accelerate.framework/Versions/A/Frameworks/vecLib.framework/Versions/A/libvDSP.dylib
0x00000000032b5000 	/System/Library/Frameworks/Accelerate.framework/Versions/A/Frameworks/vecLib.framework/Versions/A/libvMisc.dylib
0x00000000032b5000 	/System/Library/Frameworks/Accelerate.framework/Versions/A/Frameworks/vecLib.framework/Versions/A/libLAPACK.dylib
0x00000000032b5000 	/System/Library/Frameworks/Accelerate.framework/Versions/A/Frameworks/vecLib.framework/Versions/A/libBLAS.dylib
0x00000000032b5000 	/System/Library/Frameworks/Accelerate.framework/Versions/A/Frameworks/vecLib.framework/Versions/A/libLinearAlgebra.dylib
0x00000000032b5000 	/System/Library/Frameworks/Accelerate.framework/Versions/A/Frameworks/vecLib.framework/Versions/A/libSparseBLAS.dylib
0x00000000032b5000 	/System/Library/PrivateFrameworks/GPUCompiler.framework/libmetal_timestamp.dylib
0x00000000032b5000 	/System/Library/Frameworks/OpenGL.framework/Versions/A/Libraries/libCoreFSCache.dylib
0x00000000032b5000 	/System/Library/PrivateFrameworks/IOAccelerator.framework/Versions/A/IOAccelerator
0x00000000032b5000 	/System/Library/Frameworks/ApplicationServices.framework/Versions/A/Frameworks/ATS.framework/Versions/A/Resources/libFontParser.dylib
0x00000000032b5000 	/System/Library/Frameworks/ApplicationServices.framework/Versions/A/Frameworks/ATS.framework/Versions/A/Resources/libFontRegistry.dylib
0x00000000032b5000 	/System/Library/PrivateFrameworks/AppleVPA.framework/Versions/A/AppleVPA
0x00000000032b5000 	/System/Library/PrivateFrameworks/AppleJPEG.framework/Versions/A/AppleJPEG
0x00000000032b5000 	/System/Library/Frameworks/ImageIO.framework/Versions/A/Resources/libJPEG.dylib
0x00000000032b5000 	/System/Library/Frameworks/ImageIO.framework/Versions/A/Resources/libTIFF.dylib
0x00000000032b5000 	/System/Library/Frameworks/ImageIO.framework/Versions/A/Resources/libPng.dylib
0x00000000032b5000 	/System/Library/Frameworks/ImageIO.framework/Versions/A/Resources/libGIF.dylib
0x00000000032b5000 	/System/Library/Frameworks/ImageIO.framework/Versions/A/Resources/libJP2.dylib
0x00000000032b5000 	/System/Library/Frameworks/ImageIO.framework/Versions/A/Resources/libRadiance.dylib
0x00000000032b5000 	/System/Library/Frameworks/CoreVideo.framework/Versions/A/CoreVideo
0x00000000032b5000 	/System/Library/Frameworks/OpenGL.framework/Versions/A/Libraries/libGLU.dylib
0x00000000032b5000 	/System/Library/Frameworks/OpenGL.framework/Versions/A/Libraries/libGFXShared.dylib
0x00000000032b5000 	/System/Library/Frameworks/OpenGL.framework/Versions/A/Libraries/libGL.dylib
0x00000000032b5000 	/System/Library/Frameworks/OpenGL.framework/Versions/A/Libraries/libGLImage.dylib
0x00000000032b5000 	/System/Library/Frameworks/OpenGL.framework/Versions/A/Libraries/libCVMSPluginSupport.dylib
0x00000000032b5000 	/System/Library/Frameworks/OpenGL.framework/Versions/A/Libraries/libCoreVMClient.dylib
0x00000000032b5000 	/usr/lib/libcups.2.dylib
0x00000000032b5000 	/System/Library/Frameworks/Kerberos.framework/Versions/A/Kerberos
0x00000000032b5000 	/System/Library/Frameworks/GSS.framework/Versions/A/GSS
0x00000000032b5000 	/usr/lib/libresolv.9.dylib
0x00000000032b5000 	/usr/lib/libiconv.2.dylib
0x00000000032b5000 	/System/Library/PrivateFrameworks/Heimdal.framework/Versions/A/Heimdal
0x00000000032b5000 	/usr/lib/libheimdal-asn1.dylib
0x00000000032b5000 	/System/Library/Frameworks/OpenDirectory.framework/Versions/A/OpenDirectory
0x00000000032b5000 	/System/Library/PrivateFrameworks/CommonAuth.framework/Versions/A/CommonAuth
0x00000000032b5000 	/System/Library/Frameworks/OpenDirectory.framework/Versions/A/Frameworks/CFOpenDirectory.framework/Versions/A/CFOpenDirectory
0x00000000032b5000 	/System/Library/Frameworks/SecurityFoundation.framework/Versions/A/SecurityFoundation
0x00000000032b5000 	/System/Library/PrivateFrameworks/LanguageModeling.framework/Versions/A/LanguageModeling
0x00000000032b5000 	/usr/lib/libmarisa.dylib
0x00000000032b5000 	/usr/lib/libChineseTokenizer.dylib
0x00000000032b5000 	/usr/lib/libcmph.dylib
0x00000000032b5000 	/usr/lib/libcompression.dylib
0x00000000032b5000 	/System/Library/Frameworks/ServiceManagement.framework/Versions/A/ServiceManagement
0x00000000032b5000 	/usr/lib/libxslt.1.dylib
0x00000000032b5000 	/System/Library/Frameworks/Carbon.framework/Versions/A/Frameworks/Ink.framework/Versions/A/Ink
0x00000000032b5000 	/usr/lib/libFosl_dynamic.dylib
0x00000000032b5000 	/System/Library/PrivateFrameworks/FaceCore.framework/Versions/A/FaceCore
0x00000000032b5000 	/System/Library/Frameworks/OpenCL.framework/Versions/A/OpenCL
0x00000000032b5000 	/System/Library/PrivateFrameworks/CrashReporterSupport.framework/Versions/A/CrashReporterSupport
0x00000000032b5000 	/System/Library/PrivateFrameworks/IconServices.framework/Versions/A/IconServices
0x00000000032b5000 	/System/Library/PrivateFrameworks/Apple80211.framework/Versions/A/Apple80211
0x00000000032b5000 	/System/Library/Frameworks/CoreWLAN.framework/Versions/A/CoreWLAN
0x00000000032b5000 	/System/Library/Frameworks/IOBluetooth.framework/Versions/A/IOBluetooth
0x00000000032b5000 	/System/Library/PrivateFrameworks/CoreWiFi.framework/Versions/A/CoreWiFi
0x00000000032b5000 	/System/Library/Frameworks/CoreBluetooth.framework/Versions/A/CoreBluetooth
0x00000000032b5000 	/System/Library/PrivateFrameworks/ChunkingLibrary.framework/Versions/A/ChunkingLibrary
0x00000000032b5000 	/System/Library/PrivateFrameworks/DebugSymbols.framework/Versions/A/DebugSymbols
0x00000000032b5000 	/System/Library/PrivateFrameworks/CoreSymbolication.framework/Versions/A/CoreSymbolication
0x00000000032b5000 	/System/Library/PrivateFrameworks/Symbolication.framework/Versions/A/Symbolication
0x00000000032b5000 	/System/Library/PrivateFrameworks/SpeechRecognitionCore.framework/Versions/A/SpeechRecognitionCore
0x0000000109306000 	/System/Library/CoreServices/Encodings/libSimplifiedChineseConverter.dylib
0x000000010934a000 	/Library/Java/JavaVirtualMachines/jdk1.8.0_25.jdk/Contents/Home/jre/lib/server/libjvm.dylib
0x00000000032b5000 	/usr/lib/libstdc++.6.dylib
0x000000010a266000 	/Library/Java/JavaVirtualMachines/jdk1.8.0_25.jdk/Contents/Home/jre/lib/libverify.dylib
0x000000010a274000 	/Library/Java/JavaVirtualMachines/jdk1.8.0_25.jdk/Contents/Home/jre/lib/libjava.dylib
0x000000010a2b6000 	/Library/Java/JavaVirtualMachines/jdk1.8.0_25.jdk/Contents/Home/jre/lib/libzip.dylib
0x000000010a3e1000 	/System/Library/Frameworks/JavaVM.framework/Frameworks/JavaRuntimeSupport.framework/JavaRuntimeSupport
0x000000012043e000 	/System/Library/Frameworks/JavaVM.framework/Versions/A/Frameworks/JavaNativeFoundation.framework/Versions/A/JavaNativeFoundation
0x0000000120453000 	/System/Library/Frameworks/JavaVM.framework/Versions/A/JavaVM
0x00000000032b5000 	/System/Library/Frameworks/Carbon.framework/Versions/A/Carbon
0x0000000120460000 	/System/Library/PrivateFrameworks/JavaLaunching.framework/Versions/A/JavaLaunching
0x00000000032b5000 	/System/Library/Frameworks/Carbon.framework/Versions/A/Frameworks/CommonPanels.framework/Versions/A/CommonPanels
0x00000000032b5000 	/System/Library/Frameworks/Carbon.framework/Versions/A/Frameworks/Help.framework/Versions/A/Help
0x00000000032b5000 	/System/Library/Frameworks/Carbon.framework/Versions/A/Frameworks/ImageCapture.framework/Versions/A/ImageCapture
0x00000000032b5000 	/System/Library/Frameworks/Carbon.framework/Versions/A/Frameworks/OpenScripting.framework/Versions/A/OpenScripting
0x00000000032b5000 	/System/Library/Frameworks/Carbon.framework/Versions/A/Frameworks/Print.framework/Versions/A/Print
0x00000000032b5000 	/System/Library/Frameworks/Carbon.framework/Versions/A/Frameworks/SecurityHI.framework/Versions/A/SecurityHI
0x0000000121f3d000 	/Library/Java/JavaVirtualMachines/jdk1.8.0_25.jdk/Contents/Home/jre/lib/libnet.dylib
0x0000000121f9c000 	/Library/Java/JavaVirtualMachines/jdk1.8.0_25.jdk/Contents/Home/jre/lib/libnio.dylib
0x0000000121fac000 	/Users/dashu/.gradle/native/19/osx-amd64/libnative-platform.dylib
0x00000001225da000 	/Library/Java/JavaVirtualMachines/jdk1.8.0_25.jdk/Contents/Home/jre/lib/libmanagement.dylib

VM Arguments:
jvm_args: -XX:MaxPermSize=512m -XX:+HeapDumpOnOutOfMemoryError -Xmx2048m -Dfile.encoding=UTF-8 -Duser.country=CN -Duser.language=zh -Duser.variant 
java_command: org.gradle.launcher.daemon.bootstrap.GradleDaemon 2.10
java_class_path (initial): /Users/dashu/.gradle/wrapper/dists/gradle-2.10-all/a4w5fzrkeut1ox71xslb49gst/gradle-2.10/lib/gradle-launcher-2.10.jar
Launcher Type: SUN_STANDARD

Environment Variables:
PATH=/usr/bin:/bin:/usr/sbin:/sbin
SHELL=/bin/bash

Signal Handlers:
SIGSEGV: [libjvm.dylib+0x579dc7], sa_mask[0]=11111111011111110111111111111111, sa_flags=SA_ONSTACK|SA_RESTART|SA_SIGINFO
SIGBUS: [libjvm.dylib+0x579dc7], sa_mask[0]=11111111011111110111111111111111, sa_flags=SA_RESTART|SA_SIGINFO
SIGFPE: [libjvm.dylib+0x45b030], sa_mask[0]=11111111011111110111111111111111, sa_flags=SA_RESTART|SA_SIGINFO
SIGPIPE: [libjvm.dylib+0x45b030], sa_mask[0]=11111111011111110111111111111111, sa_flags=SA_RESTART|SA_SIGINFO
SIGXFSZ: [libjvm.dylib+0x45b030], sa_mask[0]=11111111011111110111111111111111, sa_flags=SA_RESTART|SA_SIGINFO
SIGILL: [libjvm.dylib+0x45b030], sa_mask[0]=11111111011111110111111111111111, sa_flags=SA_RESTART|SA_SIGINFO
SIGUSR1: SIG_DFL, sa_mask[0]=00000000000000000000000000000000, sa_flags=none
SIGUSR2: [libjvm.dylib+0x45ab4e], sa_mask[0]=00100000000000000000000000000000, sa_flags=SA_RESTART|SA_SIGINFO
SIGHUP: [libjvm.dylib+0x459121], sa_mask[0]=11111111011111110111111111111111, sa_flags=SA_RESTART|SA_SIGINFO
SIGINT: [libjvm.dylib+0x459121], sa_mask[0]=11111111011111110111111111111111, sa_flags=SA_RESTART|SA_SIGINFO
SIGTERM: [libjvm.dylib+0x459121], sa_mask[0]=11111111011111110111111111111111, sa_flags=SA_RESTART|SA_SIGINFO
SIGQUIT: [libjvm.dylib+0x459121], sa_mask[0]=11111111011111110111111111111111, sa_flags=SA_RESTART|SA_SIGINFO


---------------  S Y S T E M  ---------------

OS:Bsduname:Darwin 15.0.0 Darwin Kernel Version 15.0.0: Wed Aug 26 16:57:32 PDT 2015; root:xnu-3247.1.106~1/RELEASE_X86_64 x86_64
rlimit: STACK 8192k, CORE 0k, NPROC 709, NOFILE 10240, AS infinity
load average:2.42 2.23 2.43

CPU:total 4 (2 cores per cpu, 2 threads per core) family 6 model 69 stepping 1, cmov, cx8, fxsr, mmx, sse, sse2, sse3, ssse3, sse4.1, sse4.2, popcnt, avx, avx2, aes, clmul, erms, lzcnt, ht, tsc, tscinvbit, bmi1, bmi2

Memory: 4k page, physical 16777216k(70972k free)

/proc/meminfo:


vm_info: Java HotSpot(TM) 64-Bit Server VM (25.25-b02) for bsd-amd64 JRE (1.8.0_25-b17), built on Sep 17 2014 16:56:50 by "java_re" with gcc 4.2.1 (Based on Apple Inc. build 5658) (LLVM build 2336.11.00)

time: Sun Jun 26 20:44:14 2016
elapsed time: 10726 seconds (0d 2h 58m 46s)

