#
# A fatal error has been detected by the Java Runtime Environment:
#
#  SIGSEGV (0xb) at pc=0x000000010b5bfd34, pid=71365, tid=23319
#
# JRE version: Java(TM) SE Runtime Environment (8.0_25-b17) (build 1.8.0_25-b17)
# Java VM: Java HotSpot(TM) 64-Bit Server VM (25.25-b02 mixed mode bsd-amd64 compressed oops)
# Problematic frame:
# V  [libjvm.dylib+0x422d34]  Method::is_initializer() const+0x16
#
# Failed to write core dump. Core dumps have been disabled. To enable core dumping, try "ulimit -c unlimited" before starting Java again
#
# If you would like to submit a bug report, please visit:
#   http://bugreport.sun.com/bugreport/crash.jsp
#

---------------  T H R E A D  ---------------

Current thread (0x00007fac9e2bf800):  JavaThread "Daemon worker Thread 5" [_thread_in_vm, id=23319, stack(0x0000700001353000,0x0000700001453000)]

siginfo: si_signo: 11 (SIGSEGV), si_code: 1 (SEGV_MAPERR), si_addr: 0x00000001ff383246

Registers:
RAX=0x000000010c165440, RBX=0x00007fac9e2bf800, RCX=0x00000001ff383226, RDX=0x00007fac9f009740
RSP=0x000070000144d2d0, RBP=0x000070000144d2d0, RSI=0x000070000144d3a8, RDI=0x000000012552a550
R8 =0x00000007c0008600, R9 =0x00007fac9e2bf800, R10=0x000000010cdcfd78, R11=0x00000000f419ad2a
R12=0x00007fac9e2bf800, R13=0x0000000000000001, R14=0x0000000125529610, R15=0x000000012552a550
RIP=0x000000010b5bfd34, EFLAGS=0x0000000000010287, ERR=0x0000000000000004
  TRAPNO=0x000000000000000e

Top of Stack: (sp=0x000070000144d2d0)
0x000070000144d2d0:   000070000144d3e0 000000010b4c5e74
0x000070000144d2e0:   00000007c0008600 00007fac9e2bf9e8
0x000070000144d2f0:   000000000b75dd02 00000007c04d5488
0x000070000144d300:   000000000000000d 0000000099e0ecd0
0x000070000144d310:   00007fac99e0ece0 0000001399e0f0b8
0x000070000144d320:   00007fac9c3bc8e0 00007fac99e0ecd0
0x000070000144d330:   00007fac99e0ece0 00007fac99e0f0b8
0x000070000144d340:   00000000000003d8 000000010b983d30
0x000070000144d350:   000070000144db00 0000000000000000
0x000070000144d360:   00007fac9e2bf900 0000001300000001
0x000070000144d370:   00000001245c03c8 000000000000000a
0x000070000144d380:   00007fac9e2bf800 00007fac9e2bf800
0x000070000144d390:   0000000740230b80 000070000144db10
0x000070000144d3a0:   0000000000000000 000000012552a550
0x000070000144d3b0:   000000012552a550 0000000000000000
0x000070000144d3c0:   00007fac9e2bf800 000070000144d400
0x000070000144d3d0:   000070000144d440 00007fac9e2bf9e8
0x000070000144d3e0:   000070000144d430 000000010b4c62dd
0x000070000144d3f0:   00007fac9c4bf6f0 00007fac9e2bf800
0x000070000144d400:   00007fac9e2bf800 0000000000000180
0x000070000144d410:   0000000000000000 00000007a0cd6950
0x000070000144d420:   000070000144d500 00007fac9e2bf800
0x000070000144d430:   000070000144d480 000000010cdcfde8
0x000070000144d440:   0000000740e84ae8 00000007c001f120
0x000070000144d450:   000070000144d4a0 000000010b24b606
0x000070000144d460:   00000000e8001556 0000000000000001
0x000070000144d470:   00000007401598a8 00000007c001f120
0x000070000144d480:   000070000144d600 000000010f3b77bc
0x000070000144d490:   00007fac9c3a9e10 0000000000009798
0x000070000144d4a0:   0000000000000000 000070000144d598
0x000070000144d4b0:   000070000144d500 00007fac9e2bf800
0x000070000144d4c0:   000070000144d510 000000010ccfd6ac 

Instructions: (pc=0x000000010b5bfd34)
0x000000010b5bfd14:   0f b6 c0 5d c3 31 c0 5d c3 90 55 48 89 e5 48 8d
0x000000010b5bfd24:   05 b7 ec 48 00 48 8b 80 e8 06 00 00 48 8b 4f 08
0x000000010b5bfd34:   0f b7 51 20 48 8b 49 08 48 39 44 d1 50 74 0f e8
0x000000010b5bfd44:   8a ff ff ff 84 c0 0f 95 c0 0f b6 c0 5d c3 b8 01 

Register to memory mapping:

RAX=0x000000010c165440 is an unknown value
RBX=0x00007fac9e2bf800 is a thread
RCX=0x00000001ff383226 is an unknown value
RDX=0x00007fac9f009740 is an unknown value
RSP=0x000070000144d2d0 is pointing into the stack for thread: 0x00007fac9e2bf800
RBP=0x000070000144d2d0 is pointing into the stack for thread: 0x00007fac9e2bf800
RSI=0x000070000144d3a8 is pointing into the stack for thread: 0x00007fac9e2bf800
RDI={method} {0x000000012552a550} 
[error occurred during error reporting (printing register info), id 0xb]

Stack: [0x0000700001353000,0x0000700001453000],  sp=0x000070000144d2d0,  free space=1000k
Native frames: (J=compiled Java code, j=interpreted, Vv=VM code, C=native code)
V  [libjvm.dylib+0x422d34]  Method::is_initializer() const+0x16
V  [libjvm.dylib+0x328e74]  get_class_declared_methods_helper(JNIEnv_*, _jclass*, unsigned char, bool, Klass*, Thread*)+0x1c0
V  [libjvm.dylib+0x3292dd]  JVM_GetClassDeclaredMethods+0x5d
J 1131  java.lang.Class.getDeclaredMethods0(Z)[Ljava/lang/reflect/Method; (0 bytes) @ 0x000000010cdcfde8 [0x000000010cdcfd40+0xa8]
J 18161 C1 java.lang.Class.privateGetDeclaredMethods(Z)[Ljava/lang/reflect/Method; (67 bytes) @ 0x000000010f3b77bc [0x000000010f3b74a0+0x31c]
J 4188 C1 org.codehaus.groovy.reflection.CachedClass$3$1.run()Ljava/lang/Object; (30 bytes) @ 0x000000010d6df664 [0x000000010d6df420+0x244]
v  ~StubRoutines::call_stub
V  [libjvm.dylib+0x2d4516]  JavaCalls::call_helper(JavaValue*, methodHandle*, JavaCallArguments*, Thread*)+0x6ae
V  [libjvm.dylib+0x32aeb2]  JVM_DoPrivileged+0x4b8
J 772  java.security.AccessController.doPrivileged(Ljava/security/PrivilegedAction;)Ljava/lang/Object; (0 bytes) @ 0x000000010cd0073f [0x000000010cd00680+0xbf]
J 5062 C1 org.codehaus.groovy.reflection.CachedClass$3.initValue()[Lorg/codehaus/groovy/reflection/CachedMethod; (264 bytes) @ 0x000000010d86f3ac [0x000000010d86f2e0+0xcc]
J 4187 C1 org.codehaus.groovy.reflection.CachedClass$3.initValue()Ljava/lang/Object; (5 bytes) @ 0x000000010d6dfdcc [0x000000010d6dfd40+0x8c]
J 1113 C1 org.codehaus.groovy.util.LazyReference.getLocked(Z)Ljava/lang/Object; (85 bytes) @ 0x000000010cdca354 [0x000000010cdc9bc0+0x794]
J 5432 C1 org.codehaus.groovy.util.LazyReference.get()Ljava/lang/Object; (44 bytes) @ 0x000000010d30d9dc [0x000000010d30d8e0+0xfc]
J 4129 C1 groovy.lang.MetaClassImpl.populateMethods(Ljava/util/LinkedList;Lorg/codehaus/groovy/reflection/CachedClass;)V (400 bytes) @ 0x000000010d02ebb4 [0x000000010d02d0c0+0x1af4]
J 5667 C1 groovy.lang.MetaClassImpl.fillMethodIndex()V (86 bytes) @ 0x000000010d9a6bbc [0x000000010d9a6a40+0x17c]
J 5666 C1 groovy.lang.MetaClassImpl.initialize()V (35 bytes) @ 0x000000010d9a2fb4 [0x000000010d9a2e60+0x154]
J 5517 C1 org.codehaus.groovy.reflection.ClassInfo.getMetaClassUnderLock()Lgroovy/lang/MetaClass; (75 bytes) @ 0x000000010d943804 [0x000000010d9435e0+0x224]
J 17938 C1 org.codehaus.groovy.reflection.ClassInfo.getMetaClass()Lgroovy/lang/MetaClass; (33 bytes) @ 0x000000010f12846c [0x000000010f128240+0x22c]
J 18374 C1 org.codehaus.groovy.runtime.ScriptBytecodeAdapter.initMetaClass(Ljava/lang/Object;)Lgroovy/lang/MetaClass; (8 bytes) @ 0x000000010eb98fb4 [0x000000010eb98ee0+0xd4]
j  com.android.build.gradle.tasks.NdkCompile.$getStaticMetaClass()Lgroovy/lang/MetaClass;+10
j  com.android.build.gradle.internal.tasks.NdkTask.<init>()V+9
j  com.android.build.gradle.tasks.NdkCompile.<init>()V+1
j  com.android.build.gradle.tasks.NdkCompile_Decorated.<init>()V+1
v  ~StubRoutines::call_stub
V  [libjvm.dylib+0x2d4516]  JavaCalls::call_helper(JavaValue*, methodHandle*, JavaCallArguments*, Thread*)+0x6ae
V  [libjvm.dylib+0x4a30be]  Reflection::invoke(instanceKlassHandle, methodHandle, Handle, bool, objArrayHandle, BasicType, objArrayHandle, bool, Thread*)+0xdf8
V  [libjvm.dylib+0x4a33e9]  Reflection::invoke_constructor(oopDesc*, objArrayHandle, Thread*)+0x181
V  [libjvm.dylib+0x3229c1]  JVM_NewInstanceFromConstructor+0x7c
J 2005  sun.reflect.NativeConstructorAccessorImpl.newInstance0(Ljava/lang/reflect/Constructor;[Ljava/lang/Object;)Ljava/lang/Object; (0 bytes) @ 0x000000010d13eb95 [0x000000010d13eac0+0xd5]
J 2004 C1 sun.reflect.NativeConstructorAccessorImpl.newInstance([Ljava/lang/Object;)Ljava/lang/Object; (89 bytes) @ 0x000000010d13ffb4 [0x000000010d13ef40+0x1074]

Java frames: (J=compiled Java code, j=interpreted, Vv=VM code)
J 1131  java.lang.Class.getDeclaredMethods0(Z)[Ljava/lang/reflect/Method; (0 bytes) @ 0x000000010cdcfd78 [0x000000010cdcfd40+0x38]
J 18161 C1 java.lang.Class.privateGetDeclaredMethods(Z)[Ljava/lang/reflect/Method; (67 bytes) @ 0x000000010f3b77bc [0x000000010f3b74a0+0x31c]
J 4188 C1 org.codehaus.groovy.reflection.CachedClass$3$1.run()Ljava/lang/Object; (30 bytes) @ 0x000000010d6df664 [0x000000010d6df420+0x244]
v  ~StubRoutines::call_stub
J 772  java.security.AccessController.doPrivileged(Ljava/security/PrivilegedAction;)Ljava/lang/Object; (0 bytes) @ 0x000000010cd006cf [0x000000010cd00680+0x4f]
J 5062 C1 org.codehaus.groovy.reflection.CachedClass$3.initValue()[Lorg/codehaus/groovy/reflection/CachedMethod; (264 bytes) @ 0x000000010d86f3ac [0x000000010d86f2e0+0xcc]
J 4187 C1 org.codehaus.groovy.reflection.CachedClass$3.initValue()Ljava/lang/Object; (5 bytes) @ 0x000000010d6dfdcc [0x000000010d6dfd40+0x8c]
J 1113 C1 org.codehaus.groovy.util.LazyReference.getLocked(Z)Ljava/lang/Object; (85 bytes) @ 0x000000010cdca354 [0x000000010cdc9bc0+0x794]
J 5432 C1 org.codehaus.groovy.util.LazyReference.get()Ljava/lang/Object; (44 bytes) @ 0x000000010d30d9dc [0x000000010d30d8e0+0xfc]
J 4129 C1 groovy.lang.MetaClassImpl.populateMethods(Ljava/util/LinkedList;Lorg/codehaus/groovy/reflection/CachedClass;)V (400 bytes) @ 0x000000010d02ebb4 [0x000000010d02d0c0+0x1af4]
J 5667 C1 groovy.lang.MetaClassImpl.fillMethodIndex()V (86 bytes) @ 0x000000010d9a6bbc [0x000000010d9a6a40+0x17c]
J 5666 C1 groovy.lang.MetaClassImpl.initialize()V (35 bytes) @ 0x000000010d9a2fb4 [0x000000010d9a2e60+0x154]
J 5517 C1 org.codehaus.groovy.reflection.ClassInfo.getMetaClassUnderLock()Lgroovy/lang/MetaClass; (75 bytes) @ 0x000000010d943804 [0x000000010d9435e0+0x224]
J 17938 C1 org.codehaus.groovy.reflection.ClassInfo.getMetaClass()Lgroovy/lang/MetaClass; (33 bytes) @ 0x000000010f12846c [0x000000010f128240+0x22c]
J 18374 C1 org.codehaus.groovy.runtime.ScriptBytecodeAdapter.initMetaClass(Ljava/lang/Object;)Lgroovy/lang/MetaClass; (8 bytes) @ 0x000000010eb98fb4 [0x000000010eb98ee0+0xd4]
j  com.android.build.gradle.tasks.NdkCompile.$getStaticMetaClass()Lgroovy/lang/MetaClass;+10
j  com.android.build.gradle.internal.tasks.NdkTask.<init>()V+9
j  com.android.build.gradle.tasks.NdkCompile.<init>()V+1
j  com.android.build.gradle.tasks.NdkCompile_Decorated.<init>()V+1
v  ~StubRoutines::call_stub
J 2005  sun.reflect.NativeConstructorAccessorImpl.newInstance0(Ljava/lang/reflect/Constructor;[Ljava/lang/Object;)Ljava/lang/Object; (0 bytes) @ 0x000000010d13eb23 [0x000000010d13eac0+0x63]
J 2004 C1 sun.reflect.NativeConstructorAccessorImpl.newInstance([Ljava/lang/Object;)Ljava/lang/Object; (89 bytes) @ 0x000000010d13ffb4 [0x000000010d13ef40+0x1074]
J 8730 C2 java.lang.reflect.Constructor.newInstance([Ljava/lang/Object;)Ljava/lang/Object; (87 bytes) @ 0x000000010df40ab8 [0x000000010df409e0+0xd8]
J 6798 C1 org.gradle.api.internal.DependencyInjectingInstantiator.newInstance(Ljava/lang/Class;[Ljava/lang/Object;)Ljava/lang/Object; (55 bytes) @ 0x000000010db07e94 [0x000000010db07d80+0x114]
J 5216 C1 org.gradle.api.internal.ClassGeneratorBackedInstantiator.newInstance(Ljava/lang/Class;[Ljava/lang/Object;)Ljava/lang/Object; (40 bytes) @ 0x000000010d8b8ffc [0x000000010d8b88e0+0x71c]
J 8338 C1 org.gradle.api.internal.project.taskfactory.TaskFactory$1.call()Lorg/gradle/api/Task; (56 bytes) @ 0x000000010ddad6b4 [0x000000010ddad5a0+0x114]
J 8337 C1 org.gradle.api.internal.project.taskfactory.TaskFactory$1.call()Ljava/lang/Object; (5 bytes) @ 0x000000010ddad1e4 [0x000000010ddad180+0x64]
J 8207 C1 org.gradle.api.internal.AbstractTask.injectIntoNewInstance(Lorg/gradle/api/internal/project/ProjectInternal;Ljava/lang/String;Ljava/util/concurrent/Callable;)Lorg/gradle/api/Task; (60 bytes) @ 0x000000010db8d68c [0x000000010db8d500+0x18c]
J 8205 C1 org.gradle.api.internal.project.taskfactory.TaskFactory.create(Ljava/lang/String;Ljava/lang/Class;)Lorg/gradle/api/internal/TaskInternal; (97 bytes) @ 0x000000010db938f4 [0x000000010db932c0+0x634]
J 8255 C1 org.gradle.api.internal.project.taskfactory.TaskFactory.createTask(Ljava/util/Map;)Lorg/gradle/api/internal/TaskInternal; (214 bytes) @ 0x000000010dd999dc [0x000000010dd99640+0x39c]
J 8254 C1 org.gradle.api.internal.project.taskfactory.AnnotationProcessingTaskFactory.createTask(Ljava/util/Map;)Lorg/gradle/api/internal/TaskInternal; (15 bytes) @ 0x000000010db5a6fc [0x000000010db5a680+0x7c]
J 6736 C1 org.gradle.api.internal.project.taskfactory.DependencyAutoWireTaskFactory.createTask(Ljava/util/Map;)Lorg/gradle/api/internal/TaskInternal; (15 bytes) @ 0x000000010daf23dc [0x000000010daf2360+0x7c]
J 6735 C1 org.gradle.api.internal.tasks.DefaultTaskContainer.create(Ljava/util/Map;)Lorg/gradle/api/Task; (150 bytes) @ 0x000000010daf0ed4 [0x000000010daf0d00+0x1d4]
J 6800 C1 org.gradle.api.internal.tasks.DefaultTaskContainer.create(Ljava/lang/String;Ljava/lang/Class;)Lorg/gradle/api/Task; (37 bytes) @ 0x000000010db092bc [0x000000010db09000+0x2bc]
j  com.android.build.gradle.internal.TaskManager.createNdkTasks(Lcom/android/build/gradle/internal/scope/VariantScope;)V+31
j  com.android.build.gradle.internal.ApplicationTaskManager$10.call()Ljava/lang/Void;+8
j  com.android.build.gradle.internal.ApplicationTaskManager$10.call()Ljava/lang/Object;+1
J 12212 C1 com.android.builder.profile.ThreadRecorder$1.record(Lcom/android/builder/profile/ExecutionType;Lcom/android/builder/profile/Recorder$Block;[Lcom/android/builder/profile/Recorder$Property;)Ljava/lang/Object; (10 bytes) @ 0x000000010e6f6714 [0x000000010e6f66a0+0x74]
j  com.android.build.gradle.internal.ApplicationTaskManager.createTasksForVariantData(Lcom/android/build/gradle/internal/TaskFactory;Lcom/android/build/gradle/internal/variant/BaseVariantData;)V+309
j  com.android.build.gradle.internal.VariantManager.createTasksForVariantData(Lcom/android/build/gradle/internal/TaskFactory;Lcom/android/build/gradle/internal/variant/BaseVariantData;)V+526
j  com.android.build.gradle.internal.VariantManager$3.call()Ljava/lang/Void;+12
j  com.android.build.gradle.internal.VariantManager$3.call()Ljava/lang/Object;+1
J 12212 C1 com.android.builder.profile.ThreadRecorder$1.record(Lcom/android/builder/profile/ExecutionType;Lcom/android/builder/profile/Recorder$Block;[Lcom/android/builder/profile/Recorder$Property;)Ljava/lang/Object; (10 bytes) @ 0x000000010e6f6714 [0x000000010e6f66a0+0x74]
j  com.android.build.gradle.internal.profile.SpanRecorders.record(Lorg/gradle/api/Project;Lcom/android/builder/profile/ExecutionType;Lcom/android/builder/profile/Recorder$Block;[Lcom/android/builder/profile/Recorder$Property;)Ljava/lang/Object;+45
j  com.android.build.gradle.internal.VariantManager.createAndroidTasks()V+167
j  com.android.build.gradle.BasePlugin$12.call()Ljava/lang/Void;+7
j  com.android.build.gradle.BasePlugin$12.call()Ljava/lang/Object;+1
J 12212 C1 com.android.builder.profile.ThreadRecorder$1.record(Lcom/android/builder/profile/ExecutionType;Lcom/android/builder/profile/Recorder$Block;[Lcom/android/builder/profile/Recorder$Property;)Ljava/lang/Object; (10 bytes) @ 0x000000010e6f6714 [0x000000010e6f66a0+0x74]
j  com.android.build.gradle.BasePlugin.createAndroidTasks(Z)V+310
j  com.android.build.gradle.BasePlugin$10$1.call()Ljava/lang/Void;+8
j  com.android.build.gradle.BasePlugin$10$1.call()Ljava/lang/Object;+1
J 12212 C1 com.android.builder.profile.ThreadRecorder$1.record(Lcom/android/builder/profile/ExecutionType;Lcom/android/builder/profile/Recorder$Block;[Lcom/android/builder/profile/Recorder$Property;)Ljava/lang/Object; (10 bytes) @ 0x000000010e6f6714 [0x000000010e6f66a0+0x74]
j  com.android.build.gradle.BasePlugin$10.execute(Lorg/gradle/api/Project;)V+36
j  com.android.build.gradle.BasePlugin$10.execute(Ljava/lang/Object;)V+5
j  org.gradle.internal.event.BroadcastDispatch$ActionInvocationHandler.dispatch(Lorg/gradle/messaging/dispatch/MethodInvocation;)V+27
j  org.gradle.internal.event.BroadcastDispatch$ActionInvocationHandler.dispatch(Ljava/lang/Object;)V+5
J 12415 C1 org.gradle.internal.event.AbstractBroadcastDispatch.dispatch(Lorg/gradle/messaging/dispatch/MethodInvocation;Ljava/util/Iterator;)V (127 bytes) @ 0x000000010e7e0f74 [0x000000010e7e0a20+0x554]
J 18111 C1 org.gradle.internal.event.BroadcastDispatch.dispatch(Ljava/lang/Object;)V (9 bytes) @ 0x000000010f38f0d4 [0x000000010f38ebe0+0x4f4]
J 759 C1 org.gradle.messaging.dispatch.ProxyDispatchAdapter$DispatchingInvocationHandler.invoke(Ljava/lang/Object;Ljava/lang/reflect/Method;[Ljava/lang/Object;)Ljava/lang/Object; (179 bytes) @ 0x000000010ccf9ccc [0x000000010ccf8020+0x1cac]
j  com.sun.proxy.$Proxy11.afterEvaluate(Lorg/gradle/api/Project;Lorg/gradle/api/ProjectState;)V+20
j  org.gradle.configuration.project.LifecycleProjectEvaluator.notifyAfterEvaluate(Lorg/gradle/api/ProjectEvaluationListener;Lorg/gradle/api/internal/project/ProjectInternal;Lorg/gradle/api/internal/project/ProjectStateInternal;)V+3
j  org.gradle.configuration.project.LifecycleProjectEvaluator.evaluate(Lorg/gradle/api/internal/project/ProjectInternal;Lorg/gradle/api/internal/project/ProjectStateInternal;)V+72
j  org.gradle.api.internal.project.AbstractProject.evaluate()Lorg/gradle/api/internal/project/AbstractProject;+9
j  org.gradle.api.internal.project.AbstractProject.evaluate()Lorg/gradle/api/Project;+1
j  org.gradle.execution.TaskPathProjectEvaluator.configure(Lorg/gradle/api/internal/project/ProjectInternal;)V+21
j  org.gradle.execution.TaskSelector.getSelection(Ljava/lang/String;Lorg/gradle/api/internal/project/ProjectInternal;)Lorg/gradle/execution/TaskSelector$TaskSelection;+29
j  org.gradle.execution.TaskSelector.getSelection(Ljava/lang/String;Ljava/lang/String;)Lorg/gradle/execution/TaskSelector$TaskSelection;+35
j  org.gradle.execution.commandline.CommandLineTaskParser.parseTasks(Lorg/gradle/TaskExecutionRequest;)Ljava/util/List;+51
j  org.gradle.execution.TaskNameResolvingBuildConfigurationAction.configure(Lorg/gradle/execution/BuildExecutionContext;)V+62
j  org.gradle.execution.DefaultBuildConfigurationActionExecuter.configure(Ljava/util/List;Lorg/gradle/api/internal/GradleInternal;I)V+32
j  org.gradle.execution.DefaultBuildConfigurationActionExecuter.access$000(Lorg/gradle/execution/DefaultBuildConfigurationActionExecuter;Ljava/util/List;Lorg/gradle/api/internal/GradleInternal;I)V+4
j  org.gradle.execution.DefaultBuildConfigurationActionExecuter$1.proceed()V+18
j  org.gradle.execution.DefaultTasksBuildExecutionAction.configure(Lorg/gradle/execution/BuildExecutionContext;)V+58
j  org.gradle.execution.DefaultBuildConfigurationActionExecuter.configure(Ljava/util/List;Lorg/gradle/api/internal/GradleInternal;I)V+32
j  org.gradle.execution.DefaultBuildConfigurationActionExecuter.access$000(Lorg/gradle/execution/DefaultBuildConfigurationActionExecuter;Ljava/util/List;Lorg/gradle/api/internal/GradleInternal;I)V+4
j  org.gradle.execution.DefaultBuildConfigurationActionExecuter$1.proceed()V+18
j  org.gradle.execution.ExcludedTaskFilteringBuildConfigurationAction.configure(Lorg/gradle/execution/BuildExecutionContext;)V+102
j  org.gradle.execution.DefaultBuildConfigurationActionExecuter.configure(Ljava/util/List;Lorg/gradle/api/internal/GradleInternal;I)V+32
j  org.gradle.execution.DefaultBuildConfigurationActionExecuter.select(Lorg/gradle/api/internal/GradleInternal;)V+29
j  org.gradle.initialization.DefaultGradleLauncher$3.run()V+14
J 4983 C1 org.gradle.internal.Factories$1.create()Ljava/lang/Object; (11 bytes) @ 0x000000010d849fb4 [0x000000010d849f40+0x74]
j  org.gradle.internal.progress.DefaultBuildOperationExecutor.run(Lorg/gradle/internal/progress/BuildOperationDetails;Lorg/gradle/internal/Factory;)Ljava/lang/Object;+171
j  org.gradle.internal.progress.DefaultBuildOperationExecutor.run(Ljava/lang/String;Ljava/lang/Runnable;)V+12
j  org.gradle.initialization.DefaultGradleLauncher.doBuildStages(Lorg/gradle/initialization/DefaultGradleLauncher$Stage;)V+66
j  org.gradle.initialization.DefaultGradleLauncher.access$200(Lorg/gradle/initialization/DefaultGradleLauncher;Lorg/gradle/initialization/DefaultGradleLauncher$Stage;)V+2
j  org.gradle.initialization.DefaultGradleLauncher$1.create()Lorg/gradle/BuildResult;+29
j  org.gradle.initialization.DefaultGradleLauncher$1.create()Ljava/lang/Object;+1
j  org.gradle.internal.progress.DefaultBuildOperationExecutor.run(Lorg/gradle/internal/progress/BuildOperationDetails;Lorg/gradle/internal/Factory;)Ljava/lang/Object;+171
j  org.gradle.internal.progress.DefaultBuildOperationExecutor.run(Ljava/lang/String;Lorg/gradle/internal/Factory;)Ljava/lang/Object;+9
j  org.gradle.initialization.DefaultGradleLauncher.doBuild(Lorg/gradle/initialization/DefaultGradleLauncher$Stage;)Lorg/gradle/BuildResult;+25
j  org.gradle.initialization.DefaultGradleLauncher.run()Lorg/gradle/BuildResult;+4
j  org.gradle.launcher.exec.InProcessBuildActionExecuter$DefaultBuildController.run()Lorg/gradle/api/internal/GradleInternal;+4
j  org.gradle.tooling.internal.provider.runner.BuildModelActionRunner.run(Lorg/gradle/internal/invocation/BuildAction;Lorg/gradle/internal/invocation/BuildController;)V+29
j  org.gradle.launcher.exec.ChainingBuildActionRunner.run(Lorg/gradle/internal/invocation/BuildAction;Lorg/gradle/internal/invocation/BuildController;)V+34
j  org.gradle.tooling.internal.provider.runner.SubscribableBuildActionRunner.run(Lorg/gradle/internal/invocation/BuildAction;Lorg/gradle/internal/invocation/BuildController;)V+37
j  org.gradle.launcher.exec.ChainingBuildActionRunner.run(Lorg/gradle/internal/invocation/BuildAction;Lorg/gradle/internal/invocation/BuildController;)V+34
j  org.gradle.launcher.exec.InProcessBuildActionExecuter.execute(Lorg/gradle/internal/invocation/BuildAction;Lorg/gradle/initialization/BuildRequestContext;Lorg/gradle/launcher/exec/BuildActionParameters;Lorg/gradle/internal/service/ServiceRegistry;)Ljava/lang/Object;+63
j  org.gradle.launcher.exec.InProcessBuildActionExecuter.execute(Lorg/gradle/internal/invocation/BuildAction;Lorg/gradle/initialization/BuildRequestContext;Ljava/lang/Object;Lorg/gradle/internal/service/ServiceRegistry;)Ljava/lang/Object;+9
j  org.gradle.launcher.exec.ContinuousBuildActionExecuter.execute(Lorg/gradle/internal/invocation/BuildAction;Lorg/gradle/initialization/BuildRequestContext;Lorg/gradle/launcher/exec/BuildActionParameters;Lorg/gradle/internal/service/ServiceRegistry;)Ljava/lang/Object;+70
j  org.gradle.launcher.exec.ContinuousBuildActionExecuter.execute(Lorg/gradle/internal/invocation/BuildAction;Lorg/gradle/initialization/BuildRequestContext;Ljava/lang/Object;Lorg/gradle/internal/service/ServiceRegistry;)Ljava/lang/Object;+9
j  org.gradle.launcher.daemon.server.exec.ExecuteBuild.doBuild(Lorg/gradle/launcher/daemon/server/api/DaemonCommandExecution;Lorg/gradle/launcher/daemon/protocol/Build;)V+74
j  org.gradle.launcher.daemon.server.exec.BuildCommandOnly.execute(Lorg/gradle/launcher/daemon/server/api/DaemonCommandExecution;)V+49
j  org.gradle.launcher.daemon.server.api.DaemonCommandExecution.proceed()Z+28
j  org.gradle.launcher.daemon.server.exec.WatchForDisconnection.execute(Lorg/gradle/launcher/daemon/server/api/DaemonCommandExecution;)V+19
j  org.gradle.launcher.daemon.server.api.DaemonCommandExecution.proceed()Z+28
j  org.gradle.launcher.daemon.server.exec.ResetDeprecationLogger.execute(Lorg/gradle/launcher/daemon/server/api/DaemonCommandExecution;)V+4
j  org.gradle.launcher.daemon.server.api.DaemonCommandExecution.proceed()Z+28
j  org.gradle.launcher.daemon.server.exec.RequestStopIfSingleUsedDaemon.execute(Lorg/gradle/launcher/daemon/server/api/DaemonCommandExecution;)V+31
j  org.gradle.launcher.daemon.server.api.DaemonCommandExecution.proceed()Z+28
j  org.gradle.launcher.daemon.server.exec.ForwardClientInput$2.call()Ljava/lang/Void;+4
j  org.gradle.launcher.daemon.server.exec.ForwardClientInput$2.call()Ljava/lang/Object;+1
j  org.gradle.util.Swapper.swap(Ljava/lang/Object;Ljava/util/concurrent/Callable;)Ljava/lang/Object;+21
j  org.gradle.launcher.daemon.server.exec.ForwardClientInput.execute(Lorg/gradle/launcher/daemon/server/api/DaemonCommandExecution;)V+63
j  org.gradle.launcher.daemon.server.api.DaemonCommandExecution.proceed()Z+28
j  org.gradle.launcher.daemon.server.health.DaemonHealthTracker.execute(Lorg/gradle/launcher/daemon/server/api/DaemonCommandExecution;)V+35
j  org.gradle.launcher.daemon.server.api.DaemonCommandExecution.proceed()Z+28
j  org.gradle.launcher.daemon.server.exec.LogToClient.doBuild(Lorg/gradle/launcher/daemon/server/api/DaemonCommandExecution;Lorg/gradle/launcher/daemon/protocol/Build;)V+97
j  org.gradle.launcher.daemon.server.exec.BuildCommandOnly.execute(Lorg/gradle/launcher/daemon/server/api/DaemonCommandExecution;)V+49
j  org.gradle.launcher.daemon.server.api.DaemonCommandExecution.proceed()Z+28
j  org.gradle.launcher.daemon.server.exec.EstablishBuildEnvironment.doBuild(Lorg/gradle/launcher/daemon/server/api/DaemonCommandExecution;Lorg/gradle/launcher/daemon/protocol/Build;)V+279
j  org.gradle.launcher.daemon.server.exec.BuildCommandOnly.execute(Lorg/gradle/launcher/daemon/server/api/DaemonCommandExecution;)V+49
j  org.gradle.launcher.daemon.server.api.DaemonCommandExecution.proceed()Z+28
j  org.gradle.launcher.daemon.server.health.HintGCAfterBuild.execute(Lorg/gradle/launcher/daemon/server/api/DaemonCommandExecution;)V+1
j  org.gradle.launcher.daemon.server.api.DaemonCommandExecution.proceed()Z+28
j  org.gradle.launcher.daemon.server.exec.StartBuildOrRespondWithBusy$1.run()V+44
j  org.gradle.launcher.daemon.server.DaemonStateCoordinator$1.run()V+4
j  org.gradle.internal.concurrent.ExecutorPolicy$CatchAndRecordFailures.onExecute(Ljava/lang/Runnable;)V+1
j  org.gradle.internal.concurrent.StoppableExecutorImpl$1.run()V+25
J 16907 C1 java.util.concurrent.ThreadPoolExecutor.runWorker(Ljava/util/concurrent/ThreadPoolExecutor$Worker;)V (225 bytes) @ 0x000000010edf9644 [0x000000010edf93e0+0x264]
j  java.util.concurrent.ThreadPoolExecutor$Worker.run()V+5
j  java.lang.Thread.run()V+11
v  ~StubRoutines::call_stub

---------------  P R O C E S S  ---------------

Java Threads: ( => current thread )
  0x00007fac9e2c1000 JavaThread "Stdin handler" [_thread_blocked, id=24079, stack(0x0000700001456000,0x0000700001556000)]
=>0x00007fac9e2bf800 JavaThread "Daemon worker Thread 5" [_thread_in_vm, id=23319, stack(0x0000700001353000,0x0000700001453000)]
  0x00007fac9ed44800 JavaThread "Cancel handler" [_thread_blocked, id=23827, stack(0x0000700001250000,0x0000700001350000)]
  0x00007fac9c811800 JavaThread "Handler for socket connection from /127.0.0.1:51424 to /127.0.0.1:53651" [_thread_in_native, id=20759, stack(0x000070000114d000,0x000070000124d000)]
  0x00007fac9b7cd000 JavaThread "Daemon Thread 5" [_thread_blocked, id=20527, stack(0x0000700000932000,0x0000700000a32000)]
  0x00007fac9b6a8000 JavaThread "pool-2-thread-4" [_thread_blocked, id=27651, stack(0x000070000207a000,0x000070000217a000)]
  0x00007fac9b3b7800 JavaThread "pool-2-thread-1" [_thread_blocked, id=27139, stack(0x0000700001f77000,0x0000700002077000)]
  0x00007fac9e6d8800 JavaThread "pool-2-thread-3" [_thread_blocked, id=26627, stack(0x0000700001e74000,0x0000700001f74000)]
  0x00007fac9e568000 JavaThread "pool-2-thread-2" [_thread_blocked, id=24603, stack(0x0000700001d71000,0x0000700001e71000)]
  0x00007fac9bcb7000 JavaThread "File lock request listener" [_thread_in_native, id=22787, stack(0x000070000165c000,0x000070000175c000)]
  0x00007fac9babb800 JavaThread "Incoming local TCP Connector on port 51424" [_thread_in_native, id=19715, stack(0x000070000104a000,0x000070000114a000)]
  0x00007fac9b867000 JavaThread "Service Thread" daemon [_thread_blocked, id=18691, stack(0x0000700000e44000,0x0000700000f44000)]
  0x00007fac9a00a000 JavaThread "C1 CompilerThread2" daemon [_thread_blocked, id=18179, stack(0x0000700000d41000,0x0000700000e41000)]
  0x00007fac9b816000 JavaThread "C2 CompilerThread1" daemon [_thread_in_native, id=17667, stack(0x0000700000c3e000,0x0000700000d3e000)]
  0x00007fac9b01f800 JavaThread "C2 CompilerThread0" daemon [_thread_in_native, id=17155, stack(0x0000700000b3b000,0x0000700000c3b000)]
  0x00007fac9b01f000 JavaThread "Signal Dispatcher" daemon [_thread_blocked, id=12815, stack(0x0000700000a38000,0x0000700000b38000)]
  0x00007fac9b00c800 JavaThread "Finalizer" daemon [_thread_blocked, id=12291, stack(0x000070000082f000,0x000070000092f000)]
  0x00007fac9b00c000 JavaThread "Reference Handler" daemon [_thread_blocked, id=11779, stack(0x000070000072c000,0x000070000082c000)]
  0x00007fac9b800800 JavaThread "main" [_thread_blocked, id=5891, stack(0x000070000011a000,0x000070000021a000)]

Other Threads:
  0x00007fac9b811800 VMThread [stack: 0x0000700000629000,0x0000700000729000] [id=11267]
  0x00007fac9a00b000 WatcherThread [stack: 0x0000700000f47000,0x0000700001047000] [id=19203]

VM state:not at safepoint (normal execution)

VM Mutex/Monitor currently owned by a thread: None

Heap:
 PSYoungGen      total 601600K, used 187802K [0x0000000795580000, 0x00000007c0000000, 0x00000007c0000000)
  eden space 504320K, 37% used [0x0000000795580000,0x00000007a0ce6968,0x00000007b4200000)
  from space 97280K, 0% used [0x00000007b4200000,0x00000007b4200000,0x00000007ba100000)
  to   space 97280K, 0% used [0x00000007ba100000,0x00000007ba100000,0x00000007c0000000)
 ParOldGen       total 338944K, used 47071K [0x0000000740000000, 0x0000000754b00000, 0x0000000795580000)
  object space 338944K, 13% used [0x0000000740000000,0x0000000742df7e50,0x0000000754b00000)
 Metaspace       used 66273K, capacity 67732K, committed 71848K, reserved 1112064K
  class space    used 8410K, capacity 8629K, committed 9904K, reserved 1048576K

Card table byte_map: [0x000000011bdc0000,0x000000011c1c1000] byte_map_base: 0x00000001183c0000

Marking Bits: (ParMarkBitMap*) 0x000000010ba3a390
 Begin Bits: [0x000000011c46c000, 0x000000011e46c000)
 End Bits:   [0x000000011e46c000, 0x000000012046c000)

Polling page: 0x000000010c0ff000

CodeCache: size=245760Kb used=42221Kb max_used=42717Kb free=203538Kb
 bounds [0x000000010ca00000, 0x000000010f3f0000, 0x000000011ba00000]
 total_blobs=14856 nmethods=14117 adapters=651
 compilation: enabled

Compilation events (10 events):
Event: 8833.878 Thread 0x00007fac9b01f800 nmethod 18373 0x000000010e864790 code [0x000000010e8649a0, 0x000000010e8653e8]
Event: 8833.878 Thread 0x00007fac9b01f800 18377       4       groovy.lang.MetaClassImpl::applyStrayPropertyMethods (297 bytes)
Event: 8833.889 Thread 0x00007fac9a00a000 18379       2       com.android.build.gradle.tasks.GenerateBuildConfig_Decorated::getInputs (44 bytes)
Event: 8833.890 Thread 0x00007fac9a00a000 nmethod 18379 0x000000010d6e2410 code [0x000000010d6e25c0, 0x000000010d6e2af8]
Event: 8833.896 Thread 0x00007fac9a00a000 18380       2       com.android.build.gradle.tasks.GenerateBuildConfig_Decorated::getConventionMapping (30 bytes)
Event: 8833.897 Thread 0x00007fac9a00a000 nmethod 18380 0x000000010e9927d0 code [0x000000010e992940, 0x000000010e992bd0]
Event: 8833.904 Thread 0x00007fac9a00a000 18381       2       org.gradle.api.internal.project.taskfactory.AnnotationProcessingTaskFactory::createActionFactory (11 bytes)
Event: 8833.905 Thread 0x00007fac9a00a000 nmethod 18381 0x000000010e5b70d0 code [0x000000010e5b7240, 0x000000010e5b7430]
Event: 8833.905 Thread 0x00007fac9a00a000 18382       2       org.gradle.api.internal.project.taskfactory.AnnotationProcessingTaskFactory$5::<init> (20 bytes)
Event: 8833.905 Thread 0x00007fac9a00a000 nmethod 18382 0x000000010e8643d0 code [0x000000010e864520, 0x000000010e8646b0]

GC Heap History (10 events):
Event: 8756.862 GC heap before
{Heap before GC invocations=24 (full 6):
 PSYoungGen      total 538112K, used 466818K [0x0000000795580000, 0x00000007c0000000, 0x00000007c0000000)
  eden space 464384K, 100% used [0x0000000795580000,0x00000007b1b00000,0x00000007b1b00000)
  from space 73728K, 3% used [0x00000007b1b00000,0x00000007b1d60830,0x00000007b6300000)
  to   space 80896K, 0% used [0x00000007bb100000,0x00000007bb100000,0x00000007c0000000)
 ParOldGen       total 338944K, used 164104K [0x0000000740000000, 0x0000000754b00000, 0x0000000795580000)
  object space 338944K, 48% used [0x0000000740000000,0x000000074a042140,0x0000000754b00000)
 Metaspace       used 64295K, capacity 65780K, committed 71848K, reserved 1112064K
  class space    used 8168K, capacity 8358K, committed 9904K, reserved 1048576K
Event: 8757.077 GC heap after
Heap after GC invocations=24 (full 6):
 PSYoungGen      total 613888K, used 50461K [0x0000000795580000, 0x00000007c0000000, 0x00000007c0000000)
  eden space 532992K, 0% used [0x0000000795580000,0x0000000795580000,0x00000007b5e00000)
  from space 80896K, 62% used [0x00000007bb100000,0x00000007be2476a8,0x00000007c0000000)
  to   space 82944K, 0% used [0x00000007b5e00000,0x00000007b5e00000,0x00000007baf00000)
 ParOldGen       total 338944K, used 164516K [0x0000000740000000, 0x0000000754b00000, 0x0000000795580000)
  object space 338944K, 48% used [0x0000000740000000,0x000000074a0a90f0,0x0000000754b00000)
 Metaspace       used 64295K, capacity 65780K, committed 71848K, reserved 1112064K
  class space    used 8168K, capacity 8358K, committed 9904K, reserved 1048576K
}
Event: 8758.821 GC heap before
{Heap before GC invocations=25 (full 6):
 PSYoungGen      total 613888K, used 583453K [0x0000000795580000, 0x00000007c0000000, 0x00000007c0000000)
  eden space 532992K, 100% used [0x0000000795580000,0x00000007b5e00000,0x00000007b5e00000)
  from space 80896K, 62% used [0x00000007bb100000,0x00000007be2476a8,0x00000007c0000000)
  to   space 82944K, 0% used [0x00000007b5e00000,0x00000007b5e00000,0x00000007baf00000)
 ParOldGen       total 338944K, used 164518K [0x0000000740000000, 0x0000000754b00000, 0x0000000795580000)
  object space 338944K, 48% used [0x0000000740000000,0x000000074a0a9820,0x0000000754b00000)
 Metaspace       used 64375K, capacity 65908K, committed 71848K, reserved 1112064K
  class space    used 8168K, capacity 8358K, committed 9904K, reserved 1048576K
Event: 8759.074 GC heap after
Heap after GC invocations=25 (full 6):
 PSYoungGen      total 598528K, used 65292K [0x0000000795580000, 0x00000007c0000000, 0x00000007c0000000)
  eden space 532992K, 0% used [0x0000000795580000,0x0000000795580000,0x00000007b5e00000)
  from space 65536K, 99% used [0x00000007b5e00000,0x00000007b9dc3130,0x00000007b9e00000)
  to   space 90112K, 0% used [0x00000007ba800000,0x00000007ba800000,0x00000007c0000000)
 ParOldGen       total 338944K, used 207991K [0x0000000740000000, 0x0000000754b00000, 0x0000000795580000)
  object space 338944K, 61% used [0x0000000740000000,0x000000074cb1dee0,0x0000000754b00000)
 Metaspace       used 64375K, capacity 65908K, committed 71848K, reserved 1112064K
  class space    used 8168K, capacity 8358K, committed 9904K, reserved 1048576K
}
Event: 8761.716 GC heap before
{Heap before GC invocations=26 (full 6):
 PSYoungGen      total 598528K, used 598284K [0x0000000795580000, 0x00000007c0000000, 0x00000007c0000000)
  eden space 532992K, 100% used [0x0000000795580000,0x00000007b5e00000,0x00000007b5e00000)
  from space 65536K, 99% used [0x00000007b5e00000,0x00000007b9dc3130,0x00000007b9e00000)
  to   space 90112K, 0% used [0x00000007ba800000,0x00000007ba800000,0x00000007c0000000)
 ParOldGen       total 338944K, used 207991K [0x0000000740000000, 0x0000000754b00000, 0x0000000795580000)
  object space 338944K, 61% used [0x0000000740000000,0x000000074cb1dee0,0x0000000754b00000)
 Metaspace       used 64438K, capacity 65972K, committed 71848K, reserved 1112064K
  class space    used 8169K, capacity 8358K, committed 9904K, reserved 1048576K
Event: 8761.865 GC heap after
Heap after GC invocations=26 (full 6):
 PSYoungGen      total 594432K, used 70702K [0x0000000795580000, 0x00000007c0000000, 0x00000007c0000000)
  eden space 504320K, 0% used [0x0000000795580000,0x0000000795580000,0x00000007b4200000)
  from space 90112K, 78% used [0x00000007ba800000,0x00000007bed0b940,0x00000007c0000000)
  to   space 97280K, 0% used [0x00000007b4200000,0x00000007b4200000,0x00000007ba100000)
 ParOldGen       total 338944K, used 236655K [0x0000000740000000, 0x0000000754b00000, 0x0000000795580000)
  object space 338944K, 69% used [0x0000000740000000,0x000000074e71bc60,0x0000000754b00000)
 Metaspace       used 64438K, capacity 65972K, committed 71848K, reserved 1112064K
  class space    used 8169K, capacity 8358K, committed 9904K, reserved 1048576K
}
Event: 8765.488 GC heap before
{Heap before GC invocations=27 (full 6):
 PSYoungGen      total 594432K, used 434715K [0x0000000795580000, 0x00000007c0000000, 0x00000007c0000000)
  eden space 504320K, 72% used [0x0000000795580000,0x00000007ab8fb360,0x00000007b4200000)
  from space 90112K, 78% used [0x00000007ba800000,0x00000007bed0b940,0x00000007c0000000)
  to   space 97280K, 0% used [0x00000007b4200000,0x00000007b4200000,0x00000007ba100000)
 ParOldGen       total 338944K, used 236655K [0x0000000740000000, 0x0000000754b00000, 0x0000000795580000)
  object space 338944K, 69% used [0x0000000740000000,0x000000074e71bc60,0x0000000754b00000)
 Metaspace       used 66120K, capacity 67758K, committed 71848K, reserved 1112064K
  class space    used 8390K, capacity 8625K, committed 9904K, reserved 1048576K
Event: 8765.531 GC heap after
Heap after GC invocations=27 (full 6):
 PSYoungGen      total 601600K, used 6366K [0x0000000795580000, 0x00000007c0000000, 0x00000007c0000000)
  eden space 504320K, 0% used [0x0000000795580000,0x0000000795580000,0x00000007b4200000)
  from space 97280K, 6% used [0x00000007b4200000,0x00000007b48379a0,0x00000007ba100000)
  to   space 97280K, 0% used [0x00000007ba100000,0x00000007ba100000,0x00000007c0000000)
 ParOldGen       total 338944K, used 256680K [0x0000000740000000, 0x0000000754b00000, 0x0000000795580000)
  object space 338944K, 75% used [0x0000000740000000,0x000000074faaa208,0x0000000754b00000)
 Metaspace       used 66120K, capacity 67758K, committed 71848K, reserved 1112064K
  class space    used 8390K, capacity 8625K, committed 9904K, reserved 1048576K
}
Event: 8765.531 GC heap before
{Heap before GC invocations=28 (full 7):
 PSYoungGen      total 601600K, used 6366K [0x0000000795580000, 0x00000007c0000000, 0x00000007c0000000)
  eden space 504320K, 0% used [0x0000000795580000,0x0000000795580000,0x00000007b4200000)
  from space 97280K, 6% used [0x00000007b4200000,0x00000007b48379a0,0x00000007ba100000)
  to   space 97280K, 0% used [0x00000007ba100000,0x00000007ba100000,0x00000007c0000000)
 ParOldGen       total 338944K, used 256680K [0x0000000740000000, 0x0000000754b00000, 0x0000000795580000)
  object space 338944K, 75% used [0x0000000740000000,0x000000074faaa208,0x0000000754b00000)
 Metaspace       used 66120K, capacity 67758K, committed 71848K, reserved 1112064K
  class space    used 8390K, capacity 8625K, committed 9904K, reserved 1048576K
Event: 8765.900 GC heap after
Heap after GC invocations=28 (full 7):
 PSYoungGen      total 601600K, used 0K [0x0000000795580000, 0x00000007c0000000, 0x00000007c0000000)
  eden space 504320K, 0% used [0x0000000795580000,0x0000000795580000,0x00000007b4200000)
  from space 97280K, 0% used [0x00000007b4200000,0x00000007b4200000,0x00000007ba100000)
  to   space 97280K, 0% used [0x00000007ba100000,0x00000007ba100000,0x00000007c0000000)
 ParOldGen       total 338944K, used 47071K [0x0000000740000000, 0x0000000754b00000, 0x0000000795580000)
  object space 338944K, 13% used [0x0000000740000000,0x0000000742df7e50,0x0000000754b00000)
 Metaspace       used 65803K, capacity 66960K, committed 71848K, reserved 1112064K
  class space    used 8317K, capacity 8492K, committed 9904K, reserved 1048576K
}

Deoptimization events (10 events):
Event: 8832.903 Thread 0x00007fac9e2bf800 Uncommon trap: reason=predicate action=maybe_recompile pc=0x000000010f3bd744 method=java.util.TimSort.reverseRange([Ljava/lang/Object;II)V @ 8
Event: 8832.942 Thread 0x00007fac9e2bf800 Uncommon trap: reason=array_check action=maybe_recompile pc=0x000000010f3c4a20 method=java.util.ComparableTimSort.reverseRange([Ljava/lang/Object;II)V @ 27
Event: 8832.943 Thread 0x00007fac9e2bf800 Uncommon trap: reason=array_check action=maybe_recompile pc=0x000000010f3c4a20 method=java.util.ComparableTimSort.reverseRange([Ljava/lang/Object;II)V @ 27
Event: 8833.597 Thread 0x00007fac9e2bf800 Uncommon trap: reason=predicate action=maybe_recompile pc=0x000000010eca6060 method=java.util.AbstractMap.hashCode()I @ 21
Event: 8833.714 Thread 0x00007fac9e2bf800 Uncommon trap: reason=class_check action=maybe_recompile pc=0x000000010e239ec8 method=com.google.common.collect.AbstractMapBasedMultimap$WrappedCollection.refreshIfEmpty()V @ 40
Event: 8833.714 Thread 0x00007fac9e2bf800 Uncommon trap: reason=class_check action=maybe_recompile pc=0x000000010e23aa40 method=com.google.common.collect.AbstractMapBasedMultimap$WrappedCollection.refreshIfEmpty()V @ 40
Event: 8833.714 Thread 0x00007fac9e2bf800 Uncommon trap: reason=class_check action=maybe_recompile pc=0x000000010e239ec8 method=com.google.common.collect.AbstractMapBasedMultimap$WrappedCollection.refreshIfEmpty()V @ 40
Event: 8833.714 Thread 0x00007fac9e2bf800 Uncommon trap: reason=class_check action=maybe_recompile pc=0x000000010e23aa40 method=com.google.common.collect.AbstractMapBasedMultimap$WrappedCollection.refreshIfEmpty()V @ 40
Event: 8833.714 Thread 0x00007fac9e2bf800 Uncommon trap: reason=class_check action=maybe_recompile pc=0x000000010e239ec8 method=com.google.common.collect.AbstractMapBasedMultimap$WrappedCollection.refreshIfEmpty()V @ 40
Event: 8833.832 Thread 0x00007fac9e2bf800 Uncommon trap: reason=predicate action=maybe_recompile pc=0x000000010e1db6dc method=java.util.TimSort.binarySort([Ljava/lang/Object;IIILjava/util/Comparator;)V @ 37

Internal exceptions (10 events):
Event: 8833.905 Thread 0x00007fac9e2bf800 Exception <a 'java/security/PrivilegedActionException'> (0x00000007a0a5f420) thrown at [/HUDSON3/workspace/8-2-build-macosx-x86_64/jdk8u25/1514/hotspot/src/share/vm/prims/jvm.cpp, line 1312]
Event: 8833.908 Thread 0x00007fac9e2bf800 Exception <a 'java/security/PrivilegedActionException'> (0x00000007a0c66f18) thrown at [/HUDSON3/workspace/8-2-build-macosx-x86_64/jdk8u25/1514/hotspot/src/share/vm/prims/jvm.cpp, line 1312]
Event: 8833.908 Thread 0x00007fac9e2bf800 Exception <a 'java/security/PrivilegedActionException'> (0x00000007a0c684e0) thrown at [/HUDSON3/workspace/8-2-build-macosx-x86_64/jdk8u25/1514/hotspot/src/share/vm/prims/jvm.cpp, line 1312]
Event: 8833.908 Thread 0x00007fac9e2bf800 Exception <a 'java/security/PrivilegedActionException'> (0x00000007a0c72f28) thrown at [/HUDSON3/workspace/8-2-build-macosx-x86_64/jdk8u25/1514/hotspot/src/share/vm/prims/jvm.cpp, line 1312]
Event: 8833.914 Thread 0x00007fac9e2bf800 Exception <a 'java/security/PrivilegedActionException'> (0x00000007a0c928f0) thrown at [/HUDSON3/workspace/8-2-build-macosx-x86_64/jdk8u25/1514/hotspot/src/share/vm/prims/jvm.cpp, line 1312]
Event: 8833.914 Thread 0x00007fac9e2bf800 Exception <a 'java/security/PrivilegedActionException'> (0x00000007a0c93fd0) thrown at [/HUDSON3/workspace/8-2-build-macosx-x86_64/jdk8u25/1514/hotspot/src/share/vm/prims/jvm.cpp, line 1312]
Event: 8833.914 Thread 0x00007fac9e2bf800 Exception <a 'java/security/PrivilegedActionException'> (0x00000007a0c9fd78) thrown at [/HUDSON3/workspace/8-2-build-macosx-x86_64/jdk8u25/1514/hotspot/src/share/vm/prims/jvm.cpp, line 1312]
Event: 8833.918 Thread 0x00007fac9e2bf800 Exception <a 'java/security/PrivilegedActionException'> (0x00000007a0ccbf08) thrown at [/HUDSON3/workspace/8-2-build-macosx-x86_64/jdk8u25/1514/hotspot/src/share/vm/prims/jvm.cpp, line 1312]
Event: 8833.918 Thread 0x00007fac9e2bf800 Exception <a 'java/security/PrivilegedActionException'> (0x00000007a0ccd588) thrown at [/HUDSON3/workspace/8-2-build-macosx-x86_64/jdk8u25/1514/hotspot/src/share/vm/prims/jvm.cpp, line 1312]
Event: 8833.919 Thread 0x00007fac9e2bf800 Exception <a 'java/security/PrivilegedActionException'> (0x00000007a0cd57c0) thrown at [/HUDSON3/workspace/8-2-build-macosx-x86_64/jdk8u25/1514/hotspot/src/share/vm/prims/jvm.cpp, line 1312]

Events (10 events):
Event: 8833.898 loading class groovy/runtime/metaclass/com/android/build/gradle/tasks/ProcessAndroidResources_DecoratedMetaClass
Event: 8833.898 loading class groovy/runtime/metaclass/com/android/build/gradle/tasks/ProcessAndroidResources_DecoratedMetaClass done
Event: 8833.905 loading class groovy/runtime/metaclass/com/android/build/gradle/tasks/AidlCompile_DecoratedMetaClass
Event: 8833.905 loading class groovy/runtime/metaclass/com/android/build/gradle/tasks/AidlCompile_DecoratedMetaClass done
Event: 8833.908 loading class groovy/runtime/metaclass/com/android/build/gradle/tasks/MergeSourceSetFolders$MergeShaderSourceFoldersConfigActionMetaClass
Event: 8833.908 loading class groovy/runtime/metaclass/com/android/build/gradle/tasks/MergeSourceSetFolders$MergeShaderSourceFoldersConfigActionMetaClass done
Event: 8833.914 loading class groovy/runtime/metaclass/com/android/build/gradle/tasks/MergeSourceSetFolders$MergeShaderSourceFoldersConfigAction$_execute_closure1MetaClass
Event: 8833.914 loading class groovy/runtime/metaclass/com/android/build/gradle/tasks/MergeSourceSetFolders$MergeShaderSourceFoldersConfigAction$_execute_closure1MetaClass done
Event: 8833.918 loading class groovy/runtime/metaclass/com/android/build/gradle/tasks/NdkCompile_DecoratedMetaClass
Event: 8833.918 loading class groovy/runtime/metaclass/com/android/build/gradle/tasks/NdkCompile_DecoratedMetaClass done


Dynamic libraries:
0x00000000032b5000 	/System/Library/Frameworks/Cocoa.framework/Versions/A/Cocoa
0x00000000032b5000 	/System/Library/Frameworks/Security.framework/Versions/A/Security
0x00000000032b5000 	/System/Library/Frameworks/ApplicationServices.framework/Versions/A/ApplicationServices
0x00000000032b5000 	/usr/lib/libz.1.dylib
0x00000000032b5000 	/usr/lib/libSystem.B.dylib
0x00000000032b5000 	/usr/lib/libobjc.A.dylib
0x00000000032b5000 	/System/Library/Frameworks/CoreFoundation.framework/Versions/A/CoreFoundation
0x00000000032b5000 	/System/Library/Frameworks/Foundation.framework/Versions/C/Foundation
0x00000000032b5000 	/System/Library/Frameworks/AppKit.framework/Versions/C/AppKit
0x00000000032b5000 	/System/Library/Frameworks/CoreData.framework/Versions/A/CoreData
0x00000000032b5000 	/System/Library/PrivateFrameworks/RemoteViewServices.framework/Versions/A/RemoteViewServices
0x00000000032b5000 	/System/Library/PrivateFrameworks/UIFoundation.framework/Versions/A/UIFoundation
0x00000000032b5000 	/usr/lib/libScreenReader.dylib
0x00000000032b5000 	/System/Library/Frameworks/Accelerate.framework/Versions/A/Accelerate
0x00000000032b5000 	/System/Library/Frameworks/IOSurface.framework/Versions/A/IOSurface
0x00000000032b5000 	/System/Library/Frameworks/AudioToolbox.framework/Versions/A/AudioToolbox
0x00000000032b5000 	/System/Library/Frameworks/AudioUnit.framework/Versions/A/AudioUnit
0x00000000032b5000 	/System/Library/PrivateFrameworks/DataDetectorsCore.framework/Versions/A/DataDetectorsCore
0x00000000032b5000 	/System/Library/PrivateFrameworks/DesktopServicesPriv.framework/Versions/A/DesktopServicesPriv
0x00000000032b5000 	/System/Library/Frameworks/Carbon.framework/Versions/A/Frameworks/HIToolbox.framework/Versions/A/HIToolbox
0x00000000032b5000 	/System/Library/Frameworks/QuartzCore.framework/Versions/A/QuartzCore
0x00000000032b5000 	/System/Library/Frameworks/Carbon.framework/Versions/A/Frameworks/SpeechRecognition.framework/Versions/A/SpeechRecognition
0x00000000032b5000 	/usr/lib/libauto.dylib
0x00000000032b5000 	/usr/lib/libicucore.A.dylib
0x00000000032b5000 	/usr/lib/libxml2.2.dylib
0x00000000032b5000 	/System/Library/PrivateFrameworks/CoreUI.framework/Versions/A/CoreUI
0x00000000032b5000 	/System/Library/Frameworks/CoreAudio.framework/Versions/A/CoreAudio
0x00000000032b5000 	/System/Library/Frameworks/DiskArbitration.framework/Versions/A/DiskArbitration
0x00000000032b5000 	/usr/lib/liblangid.dylib
0x00000000032b5000 	/System/Library/PrivateFrameworks/MultitouchSupport.framework/Versions/A/MultitouchSupport
0x00000000032b5000 	/System/Library/Frameworks/IOKit.framework/Versions/A/IOKit
0x00000000032b5000 	/usr/lib/libDiagnosticMessagesClient.dylib
0x00000000032b5000 	/System/Library/Frameworks/CoreServices.framework/Versions/A/CoreServices
0x00000000032b5000 	/System/Library/PrivateFrameworks/PerformanceAnalysis.framework/Versions/A/PerformanceAnalysis
0x00000000032b5000 	/System/Library/PrivateFrameworks/GenerationalStorage.framework/Versions/A/GenerationalStorage
0x00000000032b5000 	/System/Library/Frameworks/OpenGL.framework/Versions/A/OpenGL
0x00000000032b5000 	/System/Library/PrivateFrameworks/Sharing.framework/Versions/A/Sharing
0x00000000032b5000 	/System/Library/Frameworks/CoreGraphics.framework/Versions/A/CoreGraphics
0x00000000032b5000 	/System/Library/Frameworks/CoreImage.framework/Versions/A/CoreImage
0x00000000032b5000 	/System/Library/Frameworks/CoreText.framework/Versions/A/CoreText
0x00000000032b5000 	/System/Library/Frameworks/ImageIO.framework/Versions/A/ImageIO
0x00000000032b5000 	/System/Library/PrivateFrameworks/Backup.framework/Versions/A/Backup
0x00000000032b5000 	/usr/lib/libextension.dylib
0x00000000032b5000 	/usr/lib/libarchive.2.dylib
0x00000000032b5000 	/System/Library/Frameworks/CFNetwork.framework/Versions/A/CFNetwork
0x00000000032b5000 	/System/Library/Frameworks/SystemConfiguration.framework/Versions/A/SystemConfiguration
0x00000000032b5000 	/usr/lib/libCRFSuite.dylib
0x00000000032b5000 	/usr/lib/libc++.1.dylib
0x00000000032b5000 	/usr/lib/libc++abi.dylib
0x00000000032b5000 	/usr/lib/system/libcache.dylib
0x00000000032b5000 	/usr/lib/system/libcommonCrypto.dylib
0x00000000032b5000 	/usr/lib/system/libcompiler_rt.dylib
0x00000000032b5000 	/usr/lib/system/libcopyfile.dylib
0x00000000032b5000 	/usr/lib/system/libcorecrypto.dylib
0x00000000032b5000 	/usr/lib/system/libdispatch.dylib
0x00000000032b5000 	/usr/lib/system/libdyld.dylib
0x00000000032b5000 	/usr/lib/system/libkeymgr.dylib
0x00000000032b5000 	/usr/lib/system/liblaunch.dylib
0x00000000032b5000 	/usr/lib/system/libmacho.dylib
0x00000000032b5000 	/usr/lib/system/libquarantine.dylib
0x00000000032b5000 	/usr/lib/system/libremovefile.dylib
0x00000000032b5000 	/usr/lib/system/libsystem_asl.dylib
0x00000000032b5000 	/usr/lib/system/libsystem_blocks.dylib
0x00000000032b5000 	/usr/lib/system/libsystem_c.dylib
0x00000000032b5000 	/usr/lib/system/libsystem_configuration.dylib
0x00000000032b5000 	/usr/lib/system/libsystem_coreservices.dylib
0x00000000032b5000 	/usr/lib/system/libsystem_coretls.dylib
0x00000000032b5000 	/usr/lib/system/libsystem_dnssd.dylib
0x00000000032b5000 	/usr/lib/system/libsystem_info.dylib
0x00000000032b5000 	/usr/lib/system/libsystem_kernel.dylib
0x00000000032b5000 	/usr/lib/system/libsystem_m.dylib
0x00000000032b5000 	/usr/lib/system/libsystem_malloc.dylib
0x00000000032b5000 	/usr/lib/system/libsystem_network.dylib
0x00000000032b5000 	/usr/lib/system/libsystem_networkextension.dylib
0x00000000032b5000 	/usr/lib/system/libsystem_notify.dylib
0x00000000032b5000 	/usr/lib/system/libsystem_platform.dylib
0x00000000032b5000 	/usr/lib/system/libsystem_pthread.dylib
0x00000000032b5000 	/usr/lib/system/libsystem_sandbox.dylib
0x00000000032b5000 	/usr/lib/system/libsystem_secinit.dylib
0x00000000032b5000 	/usr/lib/system/libsystem_trace.dylib
0x00000000032b5000 	/usr/lib/system/libunc.dylib
0x00000000032b5000 	/usr/lib/system/libunwind.dylib
0x00000000032b5000 	/usr/lib/system/libxpc.dylib
0x00000000032b5000 	/usr/lib/libenergytrace.dylib
0x00000000032b5000 	/usr/lib/libbsm.0.dylib
0x00000000032b5000 	/usr/lib/system/libkxld.dylib
0x00000000032b5000 	/usr/lib/libxar.1.dylib
0x00000000032b5000 	/usr/lib/libsqlite3.dylib
0x00000000032b5000 	/usr/lib/libpam.2.dylib
0x00000000032b5000 	/usr/lib/libOpenScriptingUtil.dylib
0x00000000032b5000 	/usr/lib/libbz2.1.0.dylib
0x00000000032b5000 	/usr/lib/liblzma.5.dylib
0x00000000032b5000 	/System/Library/Frameworks/CoreServices.framework/Versions/A/Frameworks/FSEvents.framework/Versions/A/FSEvents
0x00000000032b5000 	/System/Library/Frameworks/CoreServices.framework/Versions/A/Frameworks/CarbonCore.framework/Versions/A/CarbonCore
0x00000000032b5000 	/System/Library/Frameworks/CoreServices.framework/Versions/A/Frameworks/Metadata.framework/Versions/A/Metadata
0x00000000032b5000 	/System/Library/Frameworks/CoreServices.framework/Versions/A/Frameworks/OSServices.framework/Versions/A/OSServices
0x00000000032b5000 	/System/Library/Frameworks/CoreServices.framework/Versions/A/Frameworks/SearchKit.framework/Versions/A/SearchKit
0x00000000032b5000 	/System/Library/Frameworks/CoreServices.framework/Versions/A/Frameworks/AE.framework/Versions/A/AE
0x00000000032b5000 	/System/Library/Frameworks/CoreServices.framework/Versions/A/Frameworks/LaunchServices.framework/Versions/A/LaunchServices
0x00000000032b5000 	/System/Library/Frameworks/CoreServices.framework/Versions/A/Frameworks/DictionaryServices.framework/Versions/A/DictionaryServices
0x00000000032b5000 	/System/Library/Frameworks/CoreServices.framework/Versions/A/Frameworks/SharedFileList.framework/Versions/A/SharedFileList
0x00000000032b5000 	/System/Library/Frameworks/NetFS.framework/Versions/A/NetFS
0x00000000032b5000 	/System/Library/PrivateFrameworks/NetAuth.framework/Versions/A/NetAuth
0x00000000032b5000 	/System/Library/PrivateFrameworks/login.framework/Versions/A/Frameworks/loginsupport.framework/Versions/A/loginsupport
0x00000000032b5000 	/System/Library/PrivateFrameworks/TCC.framework/Versions/A/TCC
0x00000000032b5000 	/usr/lib/libmecabra.dylib
0x00000000032b5000 	/System/Library/Frameworks/ApplicationServices.framework/Versions/A/Frameworks/ATS.framework/Versions/A/ATS
0x00000000032b5000 	/System/Library/Frameworks/ApplicationServices.framework/Versions/A/Frameworks/ColorSync.framework/Versions/A/ColorSync
0x00000000032b5000 	/System/Library/Frameworks/ApplicationServices.framework/Versions/A/Frameworks/HIServices.framework/Versions/A/HIServices
0x00000000032b5000 	/System/Library/Frameworks/ApplicationServices.framework/Versions/A/Frameworks/LangAnalysis.framework/Versions/A/LangAnalysis
0x00000000032b5000 	/System/Library/Frameworks/ApplicationServices.framework/Versions/A/Frameworks/PrintCore.framework/Versions/A/PrintCore
0x00000000032b5000 	/System/Library/Frameworks/ApplicationServices.framework/Versions/A/Frameworks/QD.framework/Versions/A/QD
0x00000000032b5000 	/System/Library/Frameworks/ApplicationServices.framework/Versions/A/Frameworks/SpeechSynthesis.framework/Versions/A/SpeechSynthesis
0x00000000032b5000 	/System/Library/Frameworks/Metal.framework/Versions/A/Metal
0x00000000032b5000 	/System/Library/Frameworks/Accelerate.framework/Versions/A/Frameworks/vImage.framework/Versions/A/vImage
0x00000000032b5000 	/System/Library/Frameworks/Accelerate.framework/Versions/A/Frameworks/vecLib.framework/Versions/A/vecLib
0x00000000032b5000 	/System/Library/Frameworks/Accelerate.framework/Versions/A/Frameworks/vecLib.framework/Versions/A/libvDSP.dylib
0x00000000032b5000 	/System/Library/Frameworks/Accelerate.framework/Versions/A/Frameworks/vecLib.framework/Versions/A/libvMisc.dylib
0x00000000032b5000 	/System/Library/Frameworks/Accelerate.framework/Versions/A/Frameworks/vecLib.framework/Versions/A/libLAPACK.dylib
0x00000000032b5000 	/System/Library/Frameworks/Accelerate.framework/Versions/A/Frameworks/vecLib.framework/Versions/A/libBLAS.dylib
0x00000000032b5000 	/System/Library/Frameworks/Accelerate.framework/Versions/A/Frameworks/vecLib.framework/Versions/A/libLinearAlgebra.dylib
0x00000000032b5000 	/System/Library/Frameworks/Accelerate.framework/Versions/A/Frameworks/vecLib.framework/Versions/A/libSparseBLAS.dylib
0x00000000032b5000 	/System/Library/PrivateFrameworks/GPUCompiler.framework/libmetal_timestamp.dylib
0x00000000032b5000 	/System/Library/Frameworks/OpenGL.framework/Versions/A/Libraries/libCoreFSCache.dylib
0x00000000032b5000 	/System/Library/PrivateFrameworks/IOAccelerator.framework/Versions/A/IOAccelerator
0x00000000032b5000 	/System/Library/Frameworks/ApplicationServices.framework/Versions/A/Frameworks/ATS.framework/Versions/A/Resources/libFontParser.dylib
0x00000000032b5000 	/System/Library/Frameworks/ApplicationServices.framework/Versions/A/Frameworks/ATS.framework/Versions/A/Resources/libFontRegistry.dylib
0x00000000032b5000 	/System/Library/PrivateFrameworks/AppleVPA.framework/Versions/A/AppleVPA
0x00000000032b5000 	/System/Library/PrivateFrameworks/AppleJPEG.framework/Versions/A/AppleJPEG
0x00000000032b5000 	/System/Library/Frameworks/ImageIO.framework/Versions/A/Resources/libJPEG.dylib
0x00000000032b5000 	/System/Library/Frameworks/ImageIO.framework/Versions/A/Resources/libTIFF.dylib
0x00000000032b5000 	/System/Library/Frameworks/ImageIO.framework/Versions/A/Resources/libPng.dylib
0x00000000032b5000 	/System/Library/Frameworks/ImageIO.framework/Versions/A/Resources/libGIF.dylib
0x00000000032b5000 	/System/Library/Frameworks/ImageIO.framework/Versions/A/Resources/libJP2.dylib
0x00000000032b5000 	/System/Library/Frameworks/ImageIO.framework/Versions/A/Resources/libRadiance.dylib
0x00000000032b5000 	/System/Library/Frameworks/CoreVideo.framework/Versions/A/CoreVideo
0x00000000032b5000 	/System/Library/Frameworks/OpenGL.framework/Versions/A/Libraries/libGLU.dylib
0x00000000032b5000 	/System/Library/Frameworks/OpenGL.framework/Versions/A/Libraries/libGFXShared.dylib
0x00000000032b5000 	/System/Library/Frameworks/OpenGL.framework/Versions/A/Libraries/libGL.dylib
0x00000000032b5000 	/System/Library/Frameworks/OpenGL.framework/Versions/A/Libraries/libGLImage.dylib
0x00000000032b5000 	/System/Library/Frameworks/OpenGL.framework/Versions/A/Libraries/libCVMSPluginSupport.dylib
0x00000000032b5000 	/System/Library/Frameworks/OpenGL.framework/Versions/A/Libraries/libCoreVMClient.dylib
0x00000000032b5000 	/usr/lib/libcups.2.dylib
0x00000000032b5000 	/System/Library/Frameworks/Kerberos.framework/Versions/A/Kerberos
0x00000000032b5000 	/System/Library/Frameworks/GSS.framework/Versions/A/GSS
0x00000000032b5000 	/usr/lib/libresolv.9.dylib
0x00000000032b5000 	/usr/lib/libiconv.2.dylib
0x00000000032b5000 	/System/Library/PrivateFrameworks/Heimdal.framework/Versions/A/Heimdal
0x00000000032b5000 	/usr/lib/libheimdal-asn1.dylib
0x00000000032b5000 	/System/Library/Frameworks/OpenDirectory.framework/Versions/A/OpenDirectory
0x00000000032b5000 	/System/Library/PrivateFrameworks/CommonAuth.framework/Versions/A/CommonAuth
0x00000000032b5000 	/System/Library/Frameworks/OpenDirectory.framework/Versions/A/Frameworks/CFOpenDirectory.framework/Versions/A/CFOpenDirectory
0x00000000032b5000 	/System/Library/Frameworks/SecurityFoundation.framework/Versions/A/SecurityFoundation
0x00000000032b5000 	/System/Library/PrivateFrameworks/LanguageModeling.framework/Versions/A/LanguageModeling
0x00000000032b5000 	/usr/lib/libmarisa.dylib
0x00000000032b5000 	/usr/lib/libChineseTokenizer.dylib
0x00000000032b5000 	/usr/lib/libcmph.dylib
0x00000000032b5000 	/usr/lib/libcompression.dylib
0x00000000032b5000 	/System/Library/Frameworks/ServiceManagement.framework/Versions/A/ServiceManagement
0x00000000032b5000 	/usr/lib/libxslt.1.dylib
0x00000000032b5000 	/System/Library/Frameworks/Carbon.framework/Versions/A/Frameworks/Ink.framework/Versions/A/Ink
0x00000000032b5000 	/usr/lib/libFosl_dynamic.dylib
0x00000000032b5000 	/System/Library/PrivateFrameworks/FaceCore.framework/Versions/A/FaceCore
0x00000000032b5000 	/System/Library/Frameworks/OpenCL.framework/Versions/A/OpenCL
0x00000000032b5000 	/System/Library/PrivateFrameworks/CrashReporterSupport.framework/Versions/A/CrashReporterSupport
0x00000000032b5000 	/System/Library/PrivateFrameworks/IconServices.framework/Versions/A/IconServices
0x00000000032b5000 	/System/Library/PrivateFrameworks/Apple80211.framework/Versions/A/Apple80211
0x00000000032b5000 	/System/Library/Frameworks/CoreWLAN.framework/Versions/A/CoreWLAN
0x00000000032b5000 	/System/Library/Frameworks/IOBluetooth.framework/Versions/A/IOBluetooth
0x00000000032b5000 	/System/Library/PrivateFrameworks/CoreWiFi.framework/Versions/A/CoreWiFi
0x00000000032b5000 	/System/Library/Frameworks/CoreBluetooth.framework/Versions/A/CoreBluetooth
0x00000000032b5000 	/System/Library/PrivateFrameworks/ChunkingLibrary.framework/Versions/A/ChunkingLibrary
0x00000000032b5000 	/System/Library/PrivateFrameworks/DebugSymbols.framework/Versions/A/DebugSymbols
0x00000000032b5000 	/System/Library/PrivateFrameworks/CoreSymbolication.framework/Versions/A/CoreSymbolication
0x00000000032b5000 	/System/Library/PrivateFrameworks/Symbolication.framework/Versions/A/Symbolication
0x00000000032b5000 	/System/Library/PrivateFrameworks/SpeechRecognitionCore.framework/Versions/A/SpeechRecognitionCore
0x000000010b159000 	/System/Library/CoreServices/Encodings/libSimplifiedChineseConverter.dylib
0x000000010b19d000 	/Library/Java/JavaVirtualMachines/jdk1.8.0_25.jdk/Contents/Home/jre/lib/server/libjvm.dylib
0x00000000032b5000 	/usr/lib/libstdc++.6.dylib
0x000000010c0bd000 	/Library/Java/JavaVirtualMachines/jdk1.8.0_25.jdk/Contents/Home/jre/lib/libverify.dylib
0x000000010c0cb000 	/Library/Java/JavaVirtualMachines/jdk1.8.0_25.jdk/Contents/Home/jre/lib/libjava.dylib
0x000000010c109000 	/Library/Java/JavaVirtualMachines/jdk1.8.0_25.jdk/Contents/Home/jre/lib/libzip.dylib
0x0000000122274000 	/System/Library/Frameworks/JavaVM.framework/Frameworks/JavaRuntimeSupport.framework/JavaRuntimeSupport
0x000000012228f000 	/System/Library/Frameworks/JavaVM.framework/Versions/A/Frameworks/JavaNativeFoundation.framework/Versions/A/JavaNativeFoundation
0x00000001222a4000 	/System/Library/Frameworks/JavaVM.framework/Versions/A/JavaVM
0x00000000032b5000 	/System/Library/Frameworks/Carbon.framework/Versions/A/Carbon
0x00000001222b1000 	/System/Library/PrivateFrameworks/JavaLaunching.framework/Versions/A/JavaLaunching
0x00000000032b5000 	/System/Library/Frameworks/Carbon.framework/Versions/A/Frameworks/CommonPanels.framework/Versions/A/CommonPanels
0x00000000032b5000 	/System/Library/Frameworks/Carbon.framework/Versions/A/Frameworks/Help.framework/Versions/A/Help
0x00000000032b5000 	/System/Library/Frameworks/Carbon.framework/Versions/A/Frameworks/ImageCapture.framework/Versions/A/ImageCapture
0x00000000032b5000 	/System/Library/Frameworks/Carbon.framework/Versions/A/Frameworks/OpenScripting.framework/Versions/A/OpenScripting
0x00000000032b5000 	/System/Library/Frameworks/Carbon.framework/Versions/A/Frameworks/Print.framework/Versions/A/Print
0x00000000032b5000 	/System/Library/Frameworks/Carbon.framework/Versions/A/Frameworks/SecurityHI.framework/Versions/A/SecurityHI
0x0000000123d90000 	/Library/Java/JavaVirtualMachines/jdk1.8.0_25.jdk/Contents/Home/jre/lib/libnet.dylib
0x0000000123def000 	/Library/Java/JavaVirtualMachines/jdk1.8.0_25.jdk/Contents/Home/jre/lib/libnio.dylib
0x0000000123dff000 	/Users/dashu/.gradle/native/19/osx-amd64/libnative-platform.dylib
0x00000001249f8000 	/Library/Java/JavaVirtualMachines/jdk1.8.0_25.jdk/Contents/Home/jre/lib/libmanagement.dylib

VM Arguments:
jvm_args: -XX:MaxPermSize=512m -XX:+HeapDumpOnOutOfMemoryError -Xmx2048m -Dfile.encoding=UTF-8 -Duser.country=CN -Duser.language=zh -Duser.variant 
java_command: org.gradle.launcher.daemon.bootstrap.GradleDaemon 2.10
java_class_path (initial): /Applications/Android Studio.app/Contents/gradle/gradle-2.10/lib/gradle-launcher-2.10.jar
Launcher Type: SUN_STANDARD

Environment Variables:
PATH=/usr/bin:/bin:/usr/sbin:/sbin
SHELL=/bin/bash

Signal Handlers:
SIGSEGV: [libjvm.dylib+0x579dc7], sa_mask[0]=11111111011111110111111111111111, sa_flags=SA_ONSTACK|SA_RESTART|SA_SIGINFO
SIGBUS: [libjvm.dylib+0x579dc7], sa_mask[0]=11111111011111110111111111111111, sa_flags=SA_RESTART|SA_SIGINFO
SIGFPE: [libjvm.dylib+0x45b030], sa_mask[0]=11111111011111110111111111111111, sa_flags=SA_RESTART|SA_SIGINFO
SIGPIPE: [libjvm.dylib+0x45b030], sa_mask[0]=11111111011111110111111111111111, sa_flags=SA_RESTART|SA_SIGINFO
SIGXFSZ: [libjvm.dylib+0x45b030], sa_mask[0]=11111111011111110111111111111111, sa_flags=SA_RESTART|SA_SIGINFO
SIGILL: [libjvm.dylib+0x45b030], sa_mask[0]=11111111011111110111111111111111, sa_flags=SA_RESTART|SA_SIGINFO
SIGUSR1: SIG_DFL, sa_mask[0]=00000000000000000000000000000000, sa_flags=none
SIGUSR2: [libjvm.dylib+0x45ab4e], sa_mask[0]=00100000000000000000000000000000, sa_flags=SA_RESTART|SA_SIGINFO
SIGHUP: [libjvm.dylib+0x459121], sa_mask[0]=11111111011111110111111111111111, sa_flags=SA_RESTART|SA_SIGINFO
SIGINT: [libjvm.dylib+0x459121], sa_mask[0]=11111111011111110111111111111111, sa_flags=SA_RESTART|SA_SIGINFO
SIGTERM: [libjvm.dylib+0x459121], sa_mask[0]=11111111011111110111111111111111, sa_flags=SA_RESTART|SA_SIGINFO
SIGQUIT: [libjvm.dylib+0x459121], sa_mask[0]=11111111011111110111111111111111, sa_flags=SA_RESTART|SA_SIGINFO


---------------  S Y S T E M  ---------------

OS:Bsduname:Darwin 15.0.0 Darwin Kernel Version 15.0.0: Wed Aug 26 16:57:32 PDT 2015; root:xnu-3247.1.106~1/RELEASE_X86_64 x86_64
rlimit: STACK 8192k, CORE 0k, NPROC 709, NOFILE 10240, AS infinity
load average:2.95 2.98 2.80

CPU:total 4 (2 cores per cpu, 2 threads per core) family 6 model 69 stepping 1, cmov, cx8, fxsr, mmx, sse, sse2, sse3, ssse3, sse4.1, sse4.2, popcnt, avx, avx2, aes, clmul, erms, lzcnt, ht, tsc, tscinvbit, bmi1, bmi2

Memory: 4k page, physical 16777216k(1050708k free)

/proc/meminfo:


vm_info: Java HotSpot(TM) 64-Bit Server VM (25.25-b02) for bsd-amd64 JRE (1.8.0_25-b17), built on Sep 17 2014 16:56:50 by "java_re" with gcc 4.2.1 (Based on Apple Inc. build 5658) (LLVM build 2336.11.00)

time: Sun Jun 26 20:12:29 2016
elapsed time: 8833 seconds (0d 2h 27m 13s)

